
2021-02-10 21:50:26   add: {"username":"test","password":"90a3ed9e32b2aaf4c61c410eb925426119e1a9dc53d4286ade99a809","quota":107374182400,"enable":true,"level":0,"expiryDate":"2050-02-28","passwordShow":"dGVzdA=="}
2021-02-10 21:50:26   add: {"username":"test2","password":"90a3ed9e32b2aaf4c61c410eb925426119e1a9dc53d4286ade99a809","quota":107374182400,"enable":true,"level":0,"expiryDate":"2050-02-28","passwordShow":"dGVzdA=="}
2021-02-10 21:50:26   update: {"id":"66","username":"test","passwordShow":"dGVzdA==","quota":"107374182400","useDays":"30","expiryDate":"2050-02-28"} => {"username":"test","password":"90a3ed9e32b2aaf4c61c410eb925426119e1a9dc53d4286ade99a809","quota":107374182400,"enable":true,"level":0,"expiryDate":"2050-02-27","passwordShow":"dGVzdA==","id":"66"}
2021-02-10 21:50:26   del: {"id":"67","username":"test2","passwordShow":"dGVzdA==","quota":"107374182400","useDays":"30","expiryDate":"2050-02-28"}
2021-02-10 21:50:26   del: {"id":"66","username":"test","passwordShow":"dGVzdA==","quota":"107374182400","useDays":"30","expiryDate":"2050-02-27"}
2021-02-10 21:50:26   !!!!!!!!!!!!!!!!!!!!! Clear: 流量清零 !!!!!!!!!!!!!!!!!!!!!!
2021-02-10 21:50:26   测试
2021-02-10 21:50:26   测试2
2021-02-10 21:50:26   测试3
2021-02-10 21:53:11   add: {"username":"test","password":"90a3ed9e32b2aaf4c61c410eb925426119e1a9dc53d4286ade99a809","quota":107374182400,"enable":true,"level":0,"expiryDate":"2050-02-28","passwordShow":"dGVzdA=="}
2021-02-10 21:53:11   add: {"username":"test2","password":"90a3ed9e32b2aaf4c61c410eb925426119e1a9dc53d4286ade99a809","quota":107374182400,"enable":true,"level":0,"expiryDate":"2050-02-28","passwordShow":"dGVzdA=="}
2021-02-10 21:53:11   update: {"id":"68","username":"test","passwordShow":"dGVzdA==","quota":"107374182400","useDays":"30","expiryDate":"2050-02-28"} => {"username":"test","password":"90a3ed9e32b2aaf4c61c410eb925426119e1a9dc53d4286ade99a809","quota":107374182400,"enable":true,"level":0,"expiryDate":"2050-02-27","passwordShow":"dGVzdA==","id":"68"}
2021-02-10 21:53:11   del: {"id":"69","username":"test2","passwordShow":"dGVzdA==","quota":"107374182400","useDays":"30","expiryDate":"2050-02-28"}
2021-02-10 21:53:11   del: {"id":"68","username":"test","passwordShow":"dGVzdA==","quota":"107374182400","useDays":"30","expiryDate":"2050-02-27"}
2021-02-10 21:53:11   !!!!!!!!!!!!!!!!!!!!! Clear: 流量清零 !!!!!!!!!!!!!!!!!!!!!!
2021-02-10 21:53:11   测试
2021-02-10 21:53:11   测试2
2021-02-10 21:53:11   测试3
2021-02-10 21:59:54   add: {"username":"test","password":"90a3ed9e32b2aaf4c61c410eb925426119e1a9dc53d4286ade99a809","quota":107374182400,"enable":true,"level":0,"expiryDate":"2050-02-28","passwordShow":"dGVzdA=="}
2021-02-10 21:59:54   add: {"username":"test2","password":"90a3ed9e32b2aaf4c61c410eb925426119e1a9dc53d4286ade99a809","quota":107374182400,"enable":true,"level":0,"expiryDate":"2050-02-28","passwordShow":"dGVzdA=="}
2021-02-10 21:59:54   update: {"id":"70","username":"test","passwordShow":"dGVzdA==","quota":"107374182400","useDays":"30","expiryDate":"2050-02-28"} => {"username":"test","password":"90a3ed9e32b2aaf4c61c410eb925426119e1a9dc53d4286ade99a809","quota":107374182400,"enable":true,"level":0,"expiryDate":"2050-02-27","passwordShow":"dGVzdA==","id":"70"}
2021-02-10 21:59:54   del: {"id":"71","username":"test2","passwordShow":"dGVzdA==","quota":"107374182400","useDays":"30","expiryDate":"2050-02-28"}
2021-02-10 21:59:54   !!!!!!!!!!!!!!!!!!!!! Clear: 流量清零 !!!!!!!!!!!!!!!!!!!!!!
2021-02-10 21:59:54   测试
2021-02-10 21:59:54   测试2
2021-02-10 21:59:54   测试3
2021-02-10 22:00:09   update: {"id":"70","username":"test","passwordShow":"dGVzdA==","quota":"107374182400","useDays":"30","expiryDate":"2050-02-27"} => {"username":"test","password":"90a3ed9e32b2aaf4c61c410eb925426119e1a9dc53d4286ade99a809","quota":107374182400,"enable":true,"level":0,"expiryDate":"2050-02-28","passwordShow":"dGVzdA==","id":"70"}
2021-02-10 22:00:09   add: {"username":"test2","password":"90a3ed9e32b2aaf4c61c410eb925426119e1a9dc53d4286ade99a809","quota":107374182400,"enable":true,"level":0,"expiryDate":"2050-02-28","passwordShow":"dGVzdA=="}
2021-02-10 22:00:09   update: {"id":"70","username":"test","passwordShow":"dGVzdA==","quota":"107374182400","useDays":"30","expiryDate":"2050-02-28"} => {"username":"test","password":"90a3ed9e32b2aaf4c61c410eb925426119e1a9dc53d4286ade99a809","quota":107374182400,"enable":true,"level":0,"expiryDate":"2050-02-27","passwordShow":"dGVzdA==","id":"70"}
2021-02-10 22:00:09   del: {"id":"72","username":"test2","passwordShow":"dGVzdA==","quota":"107374182400","useDays":"30","expiryDate":"2050-02-28"}
2021-02-10 22:00:09   !!!!!!!!!!!!!!!!!!!!! Clear: 流量清零 !!!!!!!!!!!!!!!!!!!!!!
2021-02-10 22:00:09   测试
2021-02-10 22:00:09   测试2
2021-02-10 22:00:09   测试3
2021-02-10 14:09:30   !!!!!!!!!!!!!!!!!!!!! Clear: 流量清零 !!!!!!!!!!!!!!!!!!!!!!
2021-02-10 14:09:30   测试
2021-02-10 14:09:30   测试2
2021-02-10 14:09:30   测试3
2021-02-10 22:14:26   add: {"username":"test","password":"90a3ed9e32b2aaf4c61c410eb925426119e1a9dc53d4286ade99a809","quota":107374182400,"enable":true,"level":0,"expiryDate":"2050-01-01","passwordShow":"dGVzdA=="}
2021-02-10 22:14:26   add: {"username":"test2","password":"90a3ed9e32b2aaf4c61c410eb925426119e1a9dc53d4286ade99a809","quota":107374182400,"enable":true,"level":0,"expiryDate":"2050-01-01","passwordShow":"dGVzdA=="}
2021-02-10 22:15:42   del: {"id":"74","username":"test2","passwordShow":"dGVzdA==","quota":"107374182400","useDays":"30","expiryDate":"2050-01-01"}
2021-02-10 22:15:42   update: {"id":"73","username":"test","passwordShow":"dGVzdA==","quota":"107374182400","useDays":"30","expiryDate":"2050-01-01"} => {"username":"test","password":"90a3ed9e32b2aaf4c61c410eb925426119e1a9dc53d4286ade99a809","quota":107374182400,"enable":true,"level":0,"expiryDate":"2050-01-02","passwordShow":"dGVzdA==","id":"73"}
2021-02-10 22:15:42   !!!!!!!!!!!!!!!!!!!!! Clear: 流量清零 !!!!!!!!!!!!!!!!!!!!!!
2021-02-10 22:15:42   测试
2021-02-10 22:15:42   测试2
2021-02-10 22:15:42   测试3
2021-02-10 22:16:30   update: {"id":"73","username":"test","passwordShow":"dGVzdA==","quota":"107374182400","useDays":"30","expiryDate":"2050-01-02"} => {"username":"test","password":"90a3ed9e32b2aaf4c61c410eb925426119e1a9dc53d4286ade99a809","quota":107374182400,"enable":true,"level":0,"expiryDate":"2050-01-01","passwordShow":"dGVzdA==","id":"73"}
2021-02-10 22:16:30   add: {"username":"test2","password":"90a3ed9e32b2aaf4c61c410eb925426119e1a9dc53d4286ade99a809","quota":107374182400,"enable":true,"level":0,"expiryDate":"2050-01-01","passwordShow":"dGVzdA=="}
2021-02-10 22:16:51   add: {"username":"test","password":"90a3ed9e32b2aaf4c61c410eb925426119e1a9dc53d4286ade99a809","quota":107374182400,"enable":true,"level":0,"expiryDate":"2050-01-01","passwordShow":"dGVzdA=="}
2021-02-10 22:17:09   add: {"username":"test","password":"90a3ed9e32b2aaf4c61c410eb925426119e1a9dc53d4286ade99a809","quota":107374182400,"enable":true,"level":0,"expiryDate":"2050-01-01","passwordShow":"dGVzdA=="}
2021-02-10 22:17:09   add: {"username":"test2","password":"90a3ed9e32b2aaf4c61c410eb925426119e1a9dc53d4286ade99a809","quota":107374182400,"enable":true,"level":0,"expiryDate":"2050-01-01","passwordShow":"dGVzdA=="}
2021-02-10 22:17:09   del: {"id":"78","username":"test2","passwordShow":"dGVzdA==","quota":"107374182400","useDays":"30","expiryDate":"2050-01-01"}
2021-02-10 22:17:09   update: {"id":"77","username":"test","passwordShow":"dGVzdA==","quota":"107374182400","useDays":"30","expiryDate":"2050-01-01"} => {"username":"test","password":"90a3ed9e32b2aaf4c61c410eb925426119e1a9dc53d4286ade99a809","quota":107374182400,"enable":true,"level":0,"expiryDate":"2050-01-02","passwordShow":"dGVzdA==","id":"77"}
2021-02-10 22:17:09   !!!!!!!!!!!!!!!!!!!!! Clear: 流量清零 !!!!!!!!!!!!!!!!!!!!!!
2021-02-10 22:17:09   测试
2021-02-10 22:17:09   测试2
2021-02-10 22:17:09   测试3
2021-02-10 22:18:15   add: {"username":"test","password":"90a3ed9e32b2aaf4c61c410eb925426119e1a9dc53d4286ade99a809","quota":107374182400,"enable":true,"level":0,"expiryDate":"2050-01-01","passwordShow":"dGVzdA=="}
2021-02-10 22:18:15   add: {"username":"test2","password":"90a3ed9e32b2aaf4c61c410eb925426119e1a9dc53d4286ade99a809","quota":107374182400,"enable":true,"level":0,"expiryDate":"2050-01-01","passwordShow":"dGVzdA=="}
2021-02-10 22:18:15   del: {"id":"80","username":"test2","passwordShow":"dGVzdA==","quota":"107374182400","useDays":"30","expiryDate":"2050-01-01"}
2021-02-10 22:18:15   update: {"id":"79","username":"test","passwordShow":"dGVzdA==","quota":"107374182400","useDays":"30","expiryDate":"2050-01-01"} => {"username":"test","password":"90a3ed9e32b2aaf4c61c410eb925426119e1a9dc53d4286ade99a809","quota":107374182400,"enable":true,"level":0,"expiryDate":"2050-01-02","passwordShow":"dGVzdA==","id":"79"}
2021-02-10 22:18:15   !!!!!!!!!!!!!!!!!!!!! Clear: 流量清零 !!!!!!!!!!!!!!!!!!!!!!
2021-02-10 22:18:15   测试
2021-02-10 22:18:15   测试2
2021-02-10 22:18:15   测试3
2021-02-10 22:18:40   add: {"username":"test","password":"90a3ed9e32b2aaf4c61c410eb925426119e1a9dc53d4286ade99a809","quota":107374182400,"enable":true,"level":0,"expiryDate":"2050-01-01","passwordShow":"dGVzdA=="}
2021-02-10 22:18:40   add: {"username":"test2","password":"90a3ed9e32b2aaf4c61c410eb925426119e1a9dc53d4286ade99a809","quota":107374182400,"enable":true,"level":0,"expiryDate":"2050-01-01","passwordShow":"dGVzdA=="}
2021-02-10 22:19:23   add: {"username":"test","password":"90a3ed9e32b2aaf4c61c410eb925426119e1a9dc53d4286ade99a809","quota":107374182400,"enable":true,"level":0,"expiryDate":"2050-01-01","passwordShow":"dGVzdA=="}
2021-02-10 22:19:23   add: {"username":"test2","password":"90a3ed9e32b2aaf4c61c410eb925426119e1a9dc53d4286ade99a809","quota":107374182400,"enable":true,"level":0,"expiryDate":"2050-01-01","passwordShow":"dGVzdA=="}
2021-02-10 22:19:23   del: {"id":"84","username":"test2","passwordShow":"dGVzdA==","quota":"107374182400","useDays":"30","expiryDate":"2050-01-01"}
2021-02-10 22:19:23   update: {"id":"83","username":"test","passwordShow":"dGVzdA==","quota":"107374182400","useDays":"30","expiryDate":"2050-01-01"} => {"username":"test","password":"90a3ed9e32b2aaf4c61c410eb925426119e1a9dc53d4286ade99a809","quota":107374182400,"enable":true,"level":0,"expiryDate":"2050-01-02","passwordShow":"dGVzdA==","id":"83"}
2021-02-10 22:19:23   !!!!!!!!!!!!!!!!!!!!! Clear: 流量清零 !!!!!!!!!!!!!!!!!!!!!!
2021-02-10 22:19:23   测试
2021-02-10 22:19:23   测试2
2021-02-10 22:19:23   测试3
2021-02-10 22:19:30   update: {"id":"83","username":"test","passwordShow":"dGVzdA==","quota":"107374182400","useDays":"30","expiryDate":"2050-01-02"} => {"username":"test","password":"90a3ed9e32b2aaf4c61c410eb925426119e1a9dc53d4286ade99a809","quota":107374182400,"enable":true,"level":0,"expiryDate":"2050-01-01","passwordShow":"dGVzdA==","id":"83"}
2021-02-10 22:19:30   add: {"username":"test2","password":"90a3ed9e32b2aaf4c61c410eb925426119e1a9dc53d4286ade99a809","quota":107374182400,"enable":true,"level":0,"expiryDate":"2050-01-01","passwordShow":"dGVzdA=="}
2021-02-10 22:19:30   del: {"id":"85","username":"test2","passwordShow":"dGVzdA==","quota":"107374182400","useDays":"30","expiryDate":"2050-01-01"}
2021-02-10 22:19:30   update: {"id":"83","username":"test","passwordShow":"dGVzdA==","quota":"107374182400","useDays":"30","expiryDate":"2050-01-01"} => {"username":"test","password":"90a3ed9e32b2aaf4c61c410eb925426119e1a9dc53d4286ade99a809","quota":107374182400,"enable":true,"level":0,"expiryDate":"2050-01-02","passwordShow":"dGVzdA==","id":"83"}
2021-02-10 22:19:30   !!!!!!!!!!!!!!!!!!!!! Clear: 流量清零 !!!!!!!!!!!!!!!!!!!!!!
2021-02-10 22:19:30   测试
2021-02-10 22:19:30   测试2
2021-02-10 22:19:30   测试3
2021-02-10 22:19:41   add: {"username":"test","password":"90a3ed9e32b2aaf4c61c410eb925426119e1a9dc53d4286ade99a809","quota":107374182400,"enable":true,"level":0,"expiryDate":"2050-01-01","passwordShow":"dGVzdA=="}
2021-02-10 22:19:41   add: {"username":"test2","password":"90a3ed9e32b2aaf4c61c410eb925426119e1a9dc53d4286ade99a809","quota":107374182400,"enable":true,"level":0,"expiryDate":"2050-01-01","passwordShow":"dGVzdA=="}
2021-02-10 22:19:41   del: {"id":"87","username":"test2","passwordShow":"dGVzdA==","quota":"107374182400","useDays":"30","expiryDate":"2050-01-01"}
2021-02-10 22:19:41   update: {"id":"86","username":"test","passwordShow":"dGVzdA==","quota":"107374182400","useDays":"30","expiryDate":"2050-01-01"} => {"username":"test","password":"90a3ed9e32b2aaf4c61c410eb925426119e1a9dc53d4286ade99a809","quota":107374182400,"enable":true,"level":0,"expiryDate":"2050-01-02","passwordShow":"dGVzdA==","id":"86"}
2021-02-10 22:19:41   !!!!!!!!!!!!!!!!!!!!! Clear: 流量清零 !!!!!!!!!!!!!!!!!!!!!!
2021-02-10 22:19:41   测试
2021-02-10 22:19:41   测试2
2021-02-10 22:19:41   测试3
2021-02-10 22:20:23   add: {"username":"test","password":"90a3ed9e32b2aaf4c61c410eb925426119e1a9dc53d4286ade99a809","quota":107374182400,"enable":true,"level":0,"expiryDate":"2050-01-01","passwordShow":"dGVzdA=="}
2021-02-10 22:20:23   add: {"username":"test2","password":"90a3ed9e32b2aaf4c61c410eb925426119e1a9dc53d4286ade99a809","quota":107374182400,"enable":true,"level":0,"expiryDate":"2050-01-01","passwordShow":"dGVzdA=="}
2021-02-10 22:20:23   del: {"id":"89","username":"test2","passwordShow":"dGVzdA==","quota":"107374182400","useDays":"30","expiryDate":"2050-01-01"}
2021-02-10 22:20:23   update: {"id":"88","username":"test","passwordShow":"dGVzdA==","quota":"107374182400","useDays":"30","expiryDate":"2050-01-01"} => {"username":"test","password":"90a3ed9e32b2aaf4c61c410eb925426119e1a9dc53d4286ade99a809","quota":107374182400,"enable":true,"level":0,"expiryDate":"2050-01-02","passwordShow":"dGVzdA==","id":"88"}
2021-02-10 22:20:23   !!!!!!!!!!!!!!!!!!!!! Clear: 流量清零 !!!!!!!!!!!!!!!!!!!!!!
2021-02-10 22:20:23   测试
2021-02-10 22:20:23   测试2
2021-02-10 22:20:23   测试3
2021-02-10 22:37:32   测试
2021-02-10 22:37:32   测试2
2021-02-10 22:37:32   测试3
2021-02-10 22:40:50   测试
2021-02-10 22:40:50   测试2
2021-02-10 22:40:50   测试3
2021-02-10 22:42:18   测试
2021-02-10 22:42:18   测试2
2021-02-10 22:42:18   测试3
2021-02-10 22:42:39   测试
2021-02-10 22:42:39   测试2
2021-02-10 22:42:39   测试3
2021-02-10 22:44:03   测试
2021-02-10 22:44:03   测试2
2021-02-10 22:44:03   测试3
2021-02-10 22:44:13   测试
2021-02-10 22:44:13   测试2
2021-02-10 22:44:13   测试3
2021-02-10 22:44:45   测试
2021-02-10 22:44:45   测试2
2021-02-10 22:44:45   测试3
2021-02-10 22:45:54   add: {"username":"test","password":"90a3ed9e32b2aaf4c61c410eb925426119e1a9dc53d4286ade99a809","quota":107374182400,"enable":true,"level":0,"expiryDate":"2050-01-01","passwordShow":"dGVzdA=="}
2021-02-10 22:45:54   add: {"username":"test2","password":"90a3ed9e32b2aaf4c61c410eb925426119e1a9dc53d4286ade99a809","quota":107374182400,"enable":true,"level":0,"expiryDate":"2050-01-01","passwordShow":"dGVzdA=="}
2021-02-10 22:45:54   del: {"id":"91","username":"test2","passwordShow":"dGVzdA==","quota":"107374182400","useDays":"30","expiryDate":"2050-01-01"}
2021-02-10 22:45:54   update: {"id":"90","username":"test","passwordShow":"dGVzdA==","quota":"107374182400","useDays":"30","expiryDate":"2050-01-01"} => {"username":"test","password":"90a3ed9e32b2aaf4c61c410eb925426119e1a9dc53d4286ade99a809","quota":107374182400,"enable":true,"level":0,"expiryDate":"2050-01-02","passwordShow":"dGVzdA==","id":"90"}
2021-02-10 22:45:54   !!!!!!!!!!!!!!!!!!!!! Clear: 流量清零 !!!!!!!!!!!!!!!!!!!!!!
2021-02-10 22:45:54   测试
2021-02-10 22:45:54   测试2
2021-02-10 22:45:54   测试3
2021-02-10 22:49:05   add: {"username":"test","password":"90a3ed9e32b2aaf4c61c410eb925426119e1a9dc53d4286ade99a809","quota":107374182400,"enable":true,"level":0,"expiryDate":"2050-01-01","passwordShow":"dGVzdA=="}
2021-02-10 22:49:05   add: {"username":"test2","password":"90a3ed9e32b2aaf4c61c410eb925426119e1a9dc53d4286ade99a809","quota":107374182400,"enable":true,"level":0,"expiryDate":"2050-01-01","passwordShow":"dGVzdA=="}
2021-02-10 22:49:05   del: {"id":"93","username":"test2","passwordShow":"dGVzdA==","quota":"107374182400","useDays":"30","expiryDate":"2050-01-01"}
2021-02-10 22:49:05   update: {"id":"92","username":"test","passwordShow":"dGVzdA==","quota":"107374182400","useDays":"30","expiryDate":"2050-01-01"} => {"username":"test","password":"90a3ed9e32b2aaf4c61c410eb925426119e1a9dc53d4286ade99a809","quota":107374182400,"enable":true,"level":0,"expiryDate":"2050-01-02","passwordShow":"dGVzdA==","id":"92"}
2021-02-10 22:49:05   !!!!!!!!!!!!!!!!!!!!! Clear: 流量清零 !!!!!!!!!!!!!!!!!!!!!!
2021-02-10 22:49:05   测试
2021-02-10 22:49:05   测试2
2021-02-10 22:49:05   测试3
2021-02-10 22:54:13   add: {"username":"test","password":"90a3ed9e32b2aaf4c61c410eb925426119e1a9dc53d4286ade99a809","quota":107374182400,"enable":true,"level":0,"expiryDate":"2050-01-01","passwordShow":"dGVzdA=="}
2021-02-10 22:54:13   add: {"username":"test2","password":"90a3ed9e32b2aaf4c61c410eb925426119e1a9dc53d4286ade99a809","quota":107374182400,"enable":true,"level":0,"expiryDate":"2050-01-01","passwordShow":"dGVzdA=="}
2021-02-10 22:54:13   del: {"id":"1","username":"das","passwordShow":"dsa","quota":"0","useDays":"0","expiryDate":""}
2021-02-10 22:54:13   del: {"id":"2","username":"sda","passwordShow":"dasd","quota":"0","useDays":"0","expiryDate":""}
2021-02-10 22:54:13   del: {"id":"4","username":"test2","passwordShow":"dGVzdA==","quota":"107374182400","useDays":"30","expiryDate":"2050-01-01"}
2021-02-10 22:54:13   update: {"id":"3","username":"test","passwordShow":"dGVzdA==","quota":"107374182400","useDays":"30","expiryDate":"2050-01-01"} => {"username":"test","password":"90a3ed9e32b2aaf4c61c410eb925426119e1a9dc53d4286ade99a809","quota":107374182400,"enable":true,"level":0,"expiryDate":"2050-01-02","passwordShow":"dGVzdA==","id":"3"}
2021-02-10 22:54:13   !!!!!!!!!!!!!!!!!!!!! Clear: 流量清零 !!!!!!!!!!!!!!!!!!!!!!
2021-02-10 22:54:13   测试
2021-02-10 22:54:13   测试2
2021-02-10 22:54:13   测试3
2021-02-10 22:54:47   update: {"id":"3","username":"test","passwordShow":"dGVzdA==","quota":"107374182400","useDays":"30","expiryDate":"2050-01-02"} => {"username":"test","password":"90a3ed9e32b2aaf4c61c410eb925426119e1a9dc53d4286ade99a809","quota":107374182400,"enable":true,"level":0,"expiryDate":"2050-01-01","passwordShow":"dGVzdA==","id":"3"}
2021-02-10 22:54:47   add: {"username":"test2","password":"90a3ed9e32b2aaf4c61c410eb925426119e1a9dc53d4286ade99a809","quota":107374182400,"enable":true,"level":0,"expiryDate":"2050-01-01","passwordShow":"dGVzdA=="}
2021-02-10 22:54:47   del: {"id":"5","username":"test2","passwordShow":"dGVzdA==","quota":"107374182400","useDays":"30","expiryDate":"2050-01-01"}
2021-02-10 22:54:47   update: {"id":"3","username":"test","passwordShow":"dGVzdA==","quota":"107374182400","useDays":"30","expiryDate":"2050-01-01"} => {"username":"test","password":"90a3ed9e32b2aaf4c61c410eb925426119e1a9dc53d4286ade99a809","quota":107374182400,"enable":true,"level":0,"expiryDate":"2050-01-02","passwordShow":"dGVzdA==","id":"3"}
2021-02-10 22:54:47   !!!!!!!!!!!!!!!!!!!!! Clear: 流量清零 !!!!!!!!!!!!!!!!!!!!!!
2021-02-10 22:54:47   测试
2021-02-10 22:54:47   测试2
2021-02-10 22:54:47   测试3
2021-02-10 22:54:58   add: {"username":"test","password":"90a3ed9e32b2aaf4c61c410eb925426119e1a9dc53d4286ade99a809","quota":107374182400,"enable":true,"level":0,"expiryDate":"2050-01-01","passwordShow":"dGVzdA=="}
2021-02-10 22:54:58   add: {"username":"test2","password":"90a3ed9e32b2aaf4c61c410eb925426119e1a9dc53d4286ade99a809","quota":107374182400,"enable":true,"level":0,"expiryDate":"2050-01-01","passwordShow":"dGVzdA=="}
2021-02-10 22:54:58   del: {"id":"7","username":"test2","passwordShow":"dGVzdA==","quota":"107374182400","useDays":"30","expiryDate":"2050-01-01"}
2021-02-10 22:54:58   update: {"id":"6","username":"test","passwordShow":"dGVzdA==","quota":"107374182400","useDays":"30","expiryDate":"2050-01-01"} => {"username":"test","password":"90a3ed9e32b2aaf4c61c410eb925426119e1a9dc53d4286ade99a809","quota":107374182400,"enable":true,"level":0,"expiryDate":"2050-01-02","passwordShow":"dGVzdA==","id":"6"}
2021-02-10 22:54:58   !!!!!!!!!!!!!!!!!!!!! Clear: 流量清零 !!!!!!!!!!!!!!!!!!!!!!
2021-02-10 22:54:58   测试
2021-02-10 22:54:58   测试2
2021-02-10 22:54:58   测试3
2021-02-10 23:00:58   add: {"username":"test","password":"90a3ed9e32b2aaf4c61c410eb925426119e1a9dc53d4286ade99a809","quota":107374182400,"enable":true,"level":0,"expiryDate":"2050-01-01","passwordShow":"dGVzdA=="}
2021-02-10 23:00:58   add: {"username":"test2","password":"90a3ed9e32b2aaf4c61c410eb925426119e1a9dc53d4286ade99a809","quota":107374182400,"enable":true,"level":0,"expiryDate":"2050-01-01","passwordShow":"dGVzdA=="}
2021-02-10 23:00:58   del: {"id":"2","username":"test2","passwordShow":"dGVzdA==","quota":"107374182400","useDays":"30","expiryDate":"2050-01-01"}
2021-02-10 23:00:58   update: {"id":"1","username":"test","passwordShow":"dGVzdA==","quota":"107374182400","useDays":"30","expiryDate":"2050-01-01"} => {"username":"test","password":"90a3ed9e32b2aaf4c61c410eb925426119e1a9dc53d4286ade99a809","quota":107374182400,"enable":true,"level":0,"expiryDate":"2050-01-02","passwordShow":"dGVzdA==","id":"1"}
2021-02-10 23:00:58   !!!!!!!!!!!!!!!!!!!!! Clear: 流量清零 !!!!!!!!!!!!!!!!!!!!!!
2021-02-10 23:00:58   测试
2021-02-10 23:00:58   测试2
2021-02-10 23:00:58   测试3
2021-02-10 23:11:10   add: {"username":"test","password":"90a3ed9e32b2aaf4c61c410eb925426119e1a9dc53d4286ade99a809","quota":107374182400,"enable":true,"level":0,"expiryDate":"2050-01-01","passwordShow":"dGVzdA=="}
2021-02-10 23:11:10   add: {"username":"test2","password":"90a3ed9e32b2aaf4c61c410eb925426119e1a9dc53d4286ade99a809","quota":107374182400,"enable":true,"level":0,"expiryDate":"2050-01-01","passwordShow":"dGVzdA=="}
2021-02-10 23:11:10   del: {"id":"4","username":"test2","passwordShow":"dGVzdA==","quota":"107374182400","useDays":"30","expiryDate":"2050-01-01"}
2021-02-10 23:11:10   update: {"id":"3","username":"test","passwordShow":"dGVzdA==","quota":"107374182400","useDays":"30","expiryDate":"2050-01-01"} => {"username":"test","password":"90a3ed9e32b2aaf4c61c410eb925426119e1a9dc53d4286ade99a809","quota":107374182400,"enable":true,"level":0,"expiryDate":"2050-01-02","passwordShow":"dGVzdA==","id":"3"}
2021-02-10 23:11:10   !!!!!!!!!!!!!!!!!!!!! Clear: 流量清零 !!!!!!!!!!!!!!!!!!!!!!
2021-02-10 23:11:10   测试
2021-02-10 23:11:10   测试2
2021-02-10 23:11:10   测试3
2021-02-11 12:06:13   update: {"id":"3","username":"test","passwordShow":"dGVzdA==","quota":"107374182400","useDays":"30","expiryDate":"2050-01-02"} => {"username":"test","password":"90a3ed9e32b2aaf4c61c410eb925426119e1a9dc53d4286ade99a809","quota":107374182400,"enable":true,"level":0,"expiryDate":"2050-01-01","passwordShow":"dGVzdA==","id":"3"}
2021-02-11 12:06:13   add: {"username":"test2","password":"90a3ed9e32b2aaf4c61c410eb925426119e1a9dc53d4286ade99a809","quota":107374182400,"enable":true,"level":0,"expiryDate":"2050-01-01","passwordShow":"dGVzdA=="}
2021-02-11 12:06:13   del: {"id":"5","username":"test2","passwordShow":"dGVzdA==","quota":"107374182400","useDays":"30","expiryDate":"2050-01-01"}
2021-02-11 12:06:13   update: {"id":"3","username":"test","passwordShow":"dGVzdA==","quota":"107374182400","useDays":"30","expiryDate":"2050-01-01"} => {"username":"test","password":"90a3ed9e32b2aaf4c61c410eb925426119e1a9dc53d4286ade99a809","quota":107374182400,"enable":true,"level":0,"expiryDate":"2050-01-02","passwordShow":"dGVzdA==","id":"3"}
2021-02-11 12:06:13   !!!!!!!!!!!!!!!!!!!!! Clear: 流量清零 !!!!!!!!!!!!!!!!!!!!!!
2021-02-11 12:06:13   测试
2021-02-11 12:06:13   测试2
2021-02-11 12:06:13   测试3
2021-02-11 12:06:26   update: {"id":"3","username":"test","passwordShow":"dGVzdA==","quota":"107374182400","useDays":"30","expiryDate":"2050-01-02"} => {"username":"test","password":"90a3ed9e32b2aaf4c61c410eb925426119e1a9dc53d4286ade99a809","quota":107374182400,"enable":true,"level":0,"expiryDate":"2050-01-01","passwordShow":"dGVzdA==","id":"3"}
2021-02-11 12:06:26   add: {"username":"test2","password":"90a3ed9e32b2aaf4c61c410eb925426119e1a9dc53d4286ade99a809","quota":107374182400,"enable":true,"level":0,"expiryDate":"2050-01-01","passwordShow":"dGVzdA=="}
2021-02-11 12:06:26   del: {"id":"6","username":"test2","passwordShow":"dGVzdA==","quota":"107374182400","useDays":"30","expiryDate":"2050-01-01"}
2021-02-11 12:06:26   update: {"id":"3","username":"test","passwordShow":"dGVzdA==","quota":"107374182400","useDays":"30","expiryDate":"2050-01-01"} => {"username":"test","password":"90a3ed9e32b2aaf4c61c410eb925426119e1a9dc53d4286ade99a809","quota":107374182400,"enable":true,"level":0,"expiryDate":"2050-01-02","passwordShow":"dGVzdA==","id":"3"}
2021-02-11 12:06:26   !!!!!!!!!!!!!!!!!!!!! Clear: 流量清零 !!!!!!!!!!!!!!!!!!!!!!
2021-02-11 12:06:26   测试
2021-02-11 12:06:26   测试2
2021-02-11 12:06:26   测试3
2021-02-11 12:07:30   add: {"username":"test","password":"90a3ed9e32b2aaf4c61c410eb925426119e1a9dc53d4286ade99a809","quota":107374182400,"enable":true,"level":0,"expiryDate":"2050-01-01","passwordShow":"dGVzdA=="}
2021-02-11 12:07:30   add: {"username":"test2","password":"90a3ed9e32b2aaf4c61c410eb925426119e1a9dc53d4286ade99a809","quota":107374182400,"enable":true,"level":0,"expiryDate":"2050-01-01","passwordShow":"dGVzdA=="}
2021-02-11 12:07:31   del: {"id":"8","username":"test2","passwordShow":"dGVzdA==","quota":"107374182400","useDays":"30","expiryDate":"2050-01-01"}
2021-02-11 12:07:31   update: {"id":"7","username":"test","passwordShow":"dGVzdA==","quota":"107374182400","useDays":"30","expiryDate":"2050-01-01"} => {"username":"test","password":"90a3ed9e32b2aaf4c61c410eb925426119e1a9dc53d4286ade99a809","quota":107374182400,"enable":true,"level":0,"expiryDate":"2050-01-02","passwordShow":"dGVzdA==","id":"7"}
2021-02-11 12:07:31   !!!!!!!!!!!!!!!!!!!!! Clear: 流量清零 !!!!!!!!!!!!!!!!!!!!!!
2021-02-11 12:07:31   测试
2021-02-11 12:07:31   测试2
2021-02-11 12:07:31   测试3
2021-02-11 12:07:45   add: {"username":"test","password":"90a3ed9e32b2aaf4c61c410eb925426119e1a9dc53d4286ade99a809","quota":107374182400,"enable":true,"level":0,"expiryDate":"2050-01-01","passwordShow":"dGVzdA=="}
2021-02-11 12:07:45   add: {"username":"test2","password":"90a3ed9e32b2aaf4c61c410eb925426119e1a9dc53d4286ade99a809","quota":107374182400,"enable":true,"level":0,"expiryDate":"2050-01-01","passwordShow":"dGVzdA=="}
2021-02-11 12:07:45   del: {"id":"10","username":"test2","passwordShow":"dGVzdA==","quota":"107374182400","useDays":"30","expiryDate":"2050-01-01"}
2021-02-11 12:07:45   update: {"id":"9","username":"test","passwordShow":"dGVzdA==","quota":"107374182400","useDays":"30","expiryDate":"2050-01-01"} => {"username":"test","password":"90a3ed9e32b2aaf4c61c410eb925426119e1a9dc53d4286ade99a809","quota":107374182400,"enable":true,"level":0,"expiryDate":"2050-01-02","passwordShow":"dGVzdA==","id":"9"}
2021-02-11 12:07:45   !!!!!!!!!!!!!!!!!!!!! Clear: 流量清零 !!!!!!!!!!!!!!!!!!!!!!
2021-02-11 12:07:45   测试
2021-02-11 12:07:45   测试2
2021-02-11 12:07:45   测试3
2021-02-11 12:08:10   update: {"id":"9","username":"test","passwordShow":"dGVzdA==","quota":"107374182400","useDays":"30","expiryDate":"2050-01-02"} => {"username":"test","password":"90a3ed9e32b2aaf4c61c410eb925426119e1a9dc53d4286ade99a809","quota":107374182400,"enable":true,"level":0,"expiryDate":"2050-01-01","passwordShow":"dGVzdA==","id":"9"}
2021-02-11 12:08:10   add: {"username":"test2","password":"90a3ed9e32b2aaf4c61c410eb925426119e1a9dc53d4286ade99a809","quota":107374182400,"enable":true,"level":0,"expiryDate":"2050-01-01","passwordShow":"dGVzdA=="}
2021-02-11 12:08:10   del: {"id":"11","username":"test2","passwordShow":"dGVzdA==","quota":"107374182400","useDays":"30","expiryDate":"2050-01-01"}
2021-02-11 12:08:10   update: {"id":"9","username":"test","passwordShow":"dGVzdA==","quota":"107374182400","useDays":"30","expiryDate":"2050-01-01"} => {"username":"test","password":"90a3ed9e32b2aaf4c61c410eb925426119e1a9dc53d4286ade99a809","quota":107374182400,"enable":true,"level":0,"expiryDate":"2050-01-02","passwordShow":"dGVzdA==","id":"9"}
2021-02-11 12:08:10   !!!!!!!!!!!!!!!!!!!!! Clear: 流量清零 !!!!!!!!!!!!!!!!!!!!!!
2021-02-11 12:08:10   测试
2021-02-11 12:08:10   测试2
2021-02-11 12:08:10   测试3
2021-02-11 12:50:42   add: {"username":"test","password":"90a3ed9e32b2aaf4c61c410eb925426119e1a9dc53d4286ade99a809","quota":107374182400,"enable":true,"level":0,"expiryDate":"2050-01-01","passwordShow":"dGVzdA=="}
2021-02-11 12:50:42   add: {"username":"test2","password":"90a3ed9e32b2aaf4c61c410eb925426119e1a9dc53d4286ade99a809","quota":107374182400,"enable":true,"level":0,"expiryDate":"2050-01-01","passwordShow":"dGVzdA=="}
2021-02-11 12:50:42   del: {"id":"13","username":"test2","passwordShow":"dGVzdA==","quota":"107374182400","useDays":"30","expiryDate":"2050-01-01"}
2021-02-11 12:50:42   update: {"id":"12","username":"test","passwordShow":"dGVzdA==","quota":"107374182400","useDays":"30","expiryDate":"2050-01-01"} => {"username":"test","password":"90a3ed9e32b2aaf4c61c410eb925426119e1a9dc53d4286ade99a809","quota":107374182400,"enable":true,"level":0,"expiryDate":"2050-01-02","passwordShow":"dGVzdA==","id":"12"}
2021-02-11 12:50:42   !!!!!!!!!!!!!!!!!!!!! Clear: 流量清零 !!!!!!!!!!!!!!!!!!!!!!
2021-02-11 12:50:42   测试
2021-02-11 12:50:42   测试2
2021-02-11 12:50:42   测试3
2021-02-11 15:20:28   add: {"username":"test","password":"90a3ed9e32b2aaf4c61c410eb925426119e1a9dc53d4286ade99a809","quota":107374182400,"enable":true,"level":0,"expiryDate":"2050-01-01","passwordShow":"dGVzdA=="}
2021-02-11 15:20:28   add: {"username":"test2","password":"90a3ed9e32b2aaf4c61c410eb925426119e1a9dc53d4286ade99a809","quota":107374182400,"enable":true,"level":0,"expiryDate":"2050-01-01","passwordShow":"dGVzdA=="}
2021-02-11 15:20:28   del: {"id":"15","username":"test2","passwordShow":"dGVzdA==","quota":"107374182400","useDays":"30","expiryDate":"2050-01-01"}
2021-02-11 15:20:28   update: {"id":"14","username":"test","passwordShow":"dGVzdA==","quota":"107374182400","useDays":"30","expiryDate":"2050-01-01"} => {"username":"test","password":"90a3ed9e32b2aaf4c61c410eb925426119e1a9dc53d4286ade99a809","quota":107374182400,"enable":true,"level":0,"expiryDate":"2050-01-02","passwordShow":"dGVzdA==","id":"14"}
2021-02-11 15:20:28   !!!!!!!!!!!!!!!!!!!!! Clear: 流量清零 !!!!!!!!!!!!!!!!!!!!!!
2021-02-11 15:20:28   测试
2021-02-11 15:20:28   测试2
2021-02-11 15:20:28   测试3
2021-02-11 15:21:42   add: {"username":"test","password":"90a3ed9e32b2aaf4c61c410eb925426119e1a9dc53d4286ade99a809","quota":107374182400,"enable":true,"level":0,"expiryDate":"2050-01-01","passwordShow":"dGVzdA=="}
2021-02-11 15:21:42   add: {"username":"test2","password":"90a3ed9e32b2aaf4c61c410eb925426119e1a9dc53d4286ade99a809","quota":107374182400,"enable":true,"level":0,"expiryDate":"2050-01-01","passwordShow":"dGVzdA=="}
2021-02-11 15:21:42   del: {"id":"17","username":"test2","passwordShow":"dGVzdA==","quota":"107374182400","useDays":"30","expiryDate":"2050-01-01"}
2021-02-11 15:21:42   update: {"id":"16","username":"test","passwordShow":"dGVzdA==","quota":"107374182400","useDays":"30","expiryDate":"2050-01-01"} => {"username":"test","password":"90a3ed9e32b2aaf4c61c410eb925426119e1a9dc53d4286ade99a809","quota":107374182400,"enable":true,"level":0,"expiryDate":"2050-01-02","passwordShow":"dGVzdA==","id":"16"}
2021-02-11 15:21:42   !!!!!!!!!!!!!!!!!!!!! Clear: 流量清零 !!!!!!!!!!!!!!!!!!!!!!
2021-02-11 15:21:42   测试
2021-02-11 15:21:42   测试2
2021-02-11 15:21:42   测试3
2021-02-11 16:20:00   update: {"id":"16","username":"test","passwordShow":"dGVzdA==","quota":"107374182400","useDays":"30","expiryDate":"2050-01-02"} => {"username":"test","password":"90a3ed9e32b2aaf4c61c410eb925426119e1a9dc53d4286ade99a809","quota":107374182400,"enable":true,"level":0,"expiryDate":"2050-01-01","passwordShow":"dGVzdA==","id":"16"}
2021-02-11 16:20:00   add: {"username":"test2","password":"90a3ed9e32b2aaf4c61c410eb925426119e1a9dc53d4286ade99a809","quota":107374182400,"enable":true,"level":0,"expiryDate":"2050-01-01","passwordShow":"dGVzdA=="}
2021-02-11 16:20:00   del: {"id":"18","username":"test2","passwordShow":"dGVzdA==","quota":"107374182400","useDays":"30","expiryDate":"2050-01-01"}
2021-02-11 16:20:00   update: {"id":"16","username":"test","passwordShow":"dGVzdA==","quota":"107374182400","useDays":"30","expiryDate":"2050-01-01"} => {"username":"test","password":"90a3ed9e32b2aaf4c61c410eb925426119e1a9dc53d4286ade99a809","quota":107374182400,"enable":true,"level":0,"expiryDate":"2050-01-02","passwordShow":"dGVzdA==","id":"16"}
2021-02-11 16:20:00   !!!!!!!!!!!!!!!!!!!!! Clear: 流量清零 !!!!!!!!!!!!!!!!!!!!!!
2021-02-11 16:20:00   测试
2021-02-11 16:20:00   测试2
2021-02-11 16:20:00   测试3
2021-02-11 16:43:46   add: {"username":"test","password":"90a3ed9e32b2aaf4c61c410eb925426119e1a9dc53d4286ade99a809","quota":107374182400,"enable":true,"level":0,"expiryDate":"2050-01-01","passwordShow":"dGVzdA=="}
2021-02-11 16:43:46   add: {"username":"test2","password":"90a3ed9e32b2aaf4c61c410eb925426119e1a9dc53d4286ade99a809","quota":107374182400,"enable":true,"level":0,"expiryDate":"2050-01-01","passwordShow":"dGVzdA=="}
2021-02-11 16:43:46   del: {"id":"20","username":"test2","passwordShow":"dGVzdA==","quota":"107374182400","useDays":"30","expiryDate":"2050-01-01"}
2021-02-11 16:43:46   update: {"id":"19","username":"test","passwordShow":"dGVzdA==","quota":"107374182400","useDays":"30","expiryDate":"2050-01-01"} => {"username":"test","password":"90a3ed9e32b2aaf4c61c410eb925426119e1a9dc53d4286ade99a809","quota":107374182400,"enable":true,"level":0,"expiryDate":"2050-01-02","passwordShow":"dGVzdA==","id":"19"}
2021-02-11 16:43:46   !!!!!!!!!!!!!!!!!!!!! Clear: 流量清零 !!!!!!!!!!!!!!!!!!!!!!
2021-02-11 16:43:46   测试
2021-02-11 16:43:46   测试2
2021-02-11 16:43:46   测试3
2021-02-11 16:44:41   add: {"username":"test","password":"90a3ed9e32b2aaf4c61c410eb925426119e1a9dc53d4286ade99a809","quota":107374182400,"enable":true,"level":0,"expiryDate":"2050-01-01","passwordShow":"dGVzdA=="}
2021-02-11 16:44:41   add: {"username":"test2","password":"90a3ed9e32b2aaf4c61c410eb925426119e1a9dc53d4286ade99a809","quota":107374182400,"enable":true,"level":0,"expiryDate":"2050-01-01","passwordShow":"dGVzdA=="}
2021-02-11 16:44:41   del: {"id":"22","username":"test2","passwordShow":"dGVzdA==","quota":"107374182400","useDays":"30","expiryDate":"2050-01-01"}
2021-02-11 16:44:41   update: {"id":"21","username":"test","passwordShow":"dGVzdA==","quota":"107374182400","useDays":"30","expiryDate":"2050-01-01"} => {"username":"test","password":"90a3ed9e32b2aaf4c61c410eb925426119e1a9dc53d4286ade99a809","quota":107374182400,"enable":true,"level":0,"expiryDate":"2050-01-02","passwordShow":"dGVzdA==","id":"21"}
2021-02-11 16:44:41   !!!!!!!!!!!!!!!!!!!!! Clear: 流量清零 !!!!!!!!!!!!!!!!!!!!!!
2021-02-11 16:44:41   测试
2021-02-11 16:44:41   测试2
2021-02-11 16:44:41   测试3
2021-02-12 14:54:26   add: {"username":"test","password":"90a3ed9e32b2aaf4c61c410eb925426119e1a9dc53d4286ade99a809","quota":107374182400,"enable":true,"level":0,"expiryDate":"2050-01-01","passwordShow":"dGVzdA=="}
2021-02-12 14:54:26   add: {"username":"test2","password":"90a3ed9e32b2aaf4c61c410eb925426119e1a9dc53d4286ade99a809","quota":107374182400,"enable":true,"level":0,"expiryDate":"2050-01-01","passwordShow":"dGVzdA=="}
2021-02-12 14:54:26   del: {"id":"24","username":"test2","passwordShow":"dGVzdA==","quota":"107374182400","useDays":"30","expiryDate":"2050-01-01"}
2021-02-12 14:54:26   update: {"id":"23","username":"test","passwordShow":"dGVzdA==","quota":"107374182400","useDays":"30","expiryDate":"2050-01-01"} => {"username":"test","password":"90a3ed9e32b2aaf4c61c410eb925426119e1a9dc53d4286ade99a809","quota":107374182400,"enable":true,"level":0,"expiryDate":"2050-01-02","passwordShow":"dGVzdA==","id":"23"}
2021-02-12 14:54:26   !!!!!!!!!!!!!!!!!!!!! Clear: 流量清零 !!!!!!!!!!!!!!!!!!!!!!
2021-02-12 14:54:26   测试
2021-02-12 14:54:26   测试2
2021-02-12 14:54:26   测试3
2021-02-12 14:58:06   add: {"username":"test","password":"90a3ed9e32b2aaf4c61c410eb925426119e1a9dc53d4286ade99a809","quota":107374182400,"enable":true,"level":0,"expiryDate":"2050-01-01","passwordShow":"dGVzdA=="}
2021-02-12 14:58:06   add: {"username":"test2","password":"90a3ed9e32b2aaf4c61c410eb925426119e1a9dc53d4286ade99a809","quota":107374182400,"enable":true,"level":0,"expiryDate":"2050-01-01","passwordShow":"dGVzdA=="}
2021-02-12 14:58:06   del: {"id":"26","username":"test2","passwordShow":"dGVzdA==","quota":"107374182400","useDays":"30","expiryDate":"2050-01-01"}
2021-02-12 14:58:06   update: {"id":"25","username":"test","passwordShow":"dGVzdA==","quota":"107374182400","useDays":"30","expiryDate":"2050-01-01"} => {"username":"test","password":"90a3ed9e32b2aaf4c61c410eb925426119e1a9dc53d4286ade99a809","quota":107374182400,"enable":true,"level":0,"expiryDate":"2050-01-02","passwordShow":"dGVzdA==","id":"25"}
2021-02-12 14:58:06   !!!!!!!!!!!!!!!!!!!!! Clear: 流量清零 !!!!!!!!!!!!!!!!!!!!!!
2021-02-12 14:58:06   测试
2021-02-12 14:58:06   测试2
2021-02-12 14:58:06   测试3
2021-02-12 14:58:32   add: {"username":"test","password":"90a3ed9e32b2aaf4c61c410eb925426119e1a9dc53d4286ade99a809","quota":107374182400,"enable":true,"level":0,"expiryDate":"2050-01-01","passwordShow":"dGVzdA=="}
2021-02-12 14:58:32   add: {"username":"test2","password":"90a3ed9e32b2aaf4c61c410eb925426119e1a9dc53d4286ade99a809","quota":107374182400,"enable":true,"level":0,"expiryDate":"2050-01-01","passwordShow":"dGVzdA=="}
2021-02-12 14:58:32   del: {"id":"28","username":"test2","passwordShow":"dGVzdA==","quota":"107374182400","useDays":"30","expiryDate":"2050-01-01"}
2021-02-12 14:58:32   update: {"id":"27","username":"test","passwordShow":"dGVzdA==","quota":"107374182400","useDays":"30","expiryDate":"2050-01-01"} => {"username":"test","password":"90a3ed9e32b2aaf4c61c410eb925426119e1a9dc53d4286ade99a809","quota":107374182400,"enable":true,"level":0,"expiryDate":"2050-01-02","passwordShow":"dGVzdA==","id":"27"}
2021-02-12 14:58:32   !!!!!!!!!!!!!!!!!!!!! Clear: 流量清零 !!!!!!!!!!!!!!!!!!!!!!
2021-02-12 14:58:32   测试
2021-02-12 14:58:32   测试2
2021-02-12 14:58:32   测试3
2021-02-12 15:23:50   add: {"username":"test","password":"90a3ed9e32b2aaf4c61c410eb925426119e1a9dc53d4286ade99a809","quota":107374182400,"enable":true,"level":0,"expiryDate":"2050-01-01","passwordShow":"dGVzdA=="}
2021-02-12 15:23:50   add: {"username":"test2","password":"90a3ed9e32b2aaf4c61c410eb925426119e1a9dc53d4286ade99a809","quota":107374182400,"enable":true,"level":0,"expiryDate":"2050-01-01","passwordShow":"dGVzdA=="}
2021-02-12 15:23:50   del: {"id":"30","username":"test2","passwordShow":"dGVzdA==","quota":"107374182400","useDays":"30","expiryDate":"2050-01-01"}
2021-02-12 15:23:50   update: {"id":"29","username":"test","passwordShow":"dGVzdA==","quota":"107374182400","useDays":"30","expiryDate":"2050-01-01"} => {"username":"test","password":"90a3ed9e32b2aaf4c61c410eb925426119e1a9dc53d4286ade99a809","quota":107374182400,"enable":true,"level":0,"expiryDate":"2050-01-02","passwordShow":"dGVzdA==","id":"29"}
2021-02-12 15:23:50   !!!!!!!!!!!!!!!!!!!!! Clear: 流量清零 !!!!!!!!!!!!!!!!!!!!!!
2021-02-12 15:23:50   测试
2021-02-12 15:23:50   测试2
2021-02-12 15:23:50   测试3
2021-02-12 15:24:43   add: {"username":"test","password":"90a3ed9e32b2aaf4c61c410eb925426119e1a9dc53d4286ade99a809","quota":107374182400,"enable":true,"level":0,"expiryDate":"2050-01-01","passwordShow":"dGVzdA=="}
2021-02-12 15:24:43   add: {"username":"test2","password":"90a3ed9e32b2aaf4c61c410eb925426119e1a9dc53d4286ade99a809","quota":107374182400,"enable":true,"level":0,"expiryDate":"2050-01-01","passwordShow":"dGVzdA=="}
2021-02-12 15:24:43   del: {"id":"32","username":"test2","passwordShow":"dGVzdA==","quota":"107374182400","useDays":"30","expiryDate":"2050-01-01"}
2021-02-12 15:24:43   update: {"id":"31","username":"test","passwordShow":"dGVzdA==","quota":"107374182400","useDays":"30","expiryDate":"2050-01-01"} => {"username":"test","password":"90a3ed9e32b2aaf4c61c410eb925426119e1a9dc53d4286ade99a809","quota":107374182400,"enable":true,"level":0,"expiryDate":"2050-01-02","passwordShow":"dGVzdA==","id":"31"}
2021-02-12 15:24:43   !!!!!!!!!!!!!!!!!!!!! Clear: 流量清零 !!!!!!!!!!!!!!!!!!!!!!
2021-02-12 15:24:43   测试
2021-02-12 15:24:43   测试2
2021-02-12 15:24:43   测试3
2021-02-13 13:52:40   add: {"username":"test","password":"90a3ed9e32b2aaf4c61c410eb925426119e1a9dc53d4286ade99a809","quota":107374182400,"enable":true,"level":0,"expiryDate":"2050-01-01","passwordShow":"dGVzdA=="}
2021-02-13 13:52:40   add: {"username":"test2","password":"90a3ed9e32b2aaf4c61c410eb925426119e1a9dc53d4286ade99a809","quota":107374182400,"enable":true,"level":0,"expiryDate":"2050-01-01","passwordShow":"dGVzdA=="}
2021-02-13 13:52:40   del: {"id":"34","username":"test2","passwordShow":"dGVzdA==","quota":"107374182400","useDays":"30","expiryDate":"2050-01-01"}
2021-02-13 13:52:40   update: {"id":"33","username":"test","passwordShow":"dGVzdA==","quota":"107374182400","useDays":"30","expiryDate":"2050-01-01"} => {"username":"test","password":"90a3ed9e32b2aaf4c61c410eb925426119e1a9dc53d4286ade99a809","quota":107374182400,"enable":true,"level":0,"expiryDate":"2050-01-02","passwordShow":"dGVzdA==","id":"33"}
2021-02-13 13:52:40   !!!!!!!!!!!!!!!!!!!!! Clear: 流量清零 !!!!!!!!!!!!!!!!!!!!!!
2021-02-13 13:52:40   测试
2021-02-13 13:52:40   测试2
2021-02-13 13:52:40   测试3
2021-02-13 14:04:21   add: {"username":"test","password":"90a3ed9e32b2aaf4c61c410eb925426119e1a9dc53d4286ade99a809","quota":107374182400,"enable":true,"level":0,"expiryDate":"2050-01-01","passwordShow":"dGVzdA=="}
2021-02-13 14:04:21   add: {"username":"test2","password":"90a3ed9e32b2aaf4c61c410eb925426119e1a9dc53d4286ade99a809","quota":107374182400,"enable":true,"level":0,"expiryDate":"2050-01-01","passwordShow":"dGVzdA=="}
2021-02-13 14:04:21   del: {"id":"36","username":"test2","passwordShow":"dGVzdA==","quota":"107374182400","useDays":"30","expiryDate":"2050-01-01"}
2021-02-13 14:04:21   update: {"id":"35","username":"test","passwordShow":"dGVzdA==","quota":"107374182400","useDays":"30","expiryDate":"2050-01-01"} => {"username":"test","password":"90a3ed9e32b2aaf4c61c410eb925426119e1a9dc53d4286ade99a809","quota":107374182400,"enable":true,"level":0,"expiryDate":"2050-01-02","passwordShow":"dGVzdA==","id":"35"}
2021-02-13 14:04:21   !!!!!!!!!!!!!!!!!!!!! Clear: 流量清零 !!!!!!!!!!!!!!!!!!!!!!
2021-02-13 14:04:21   测试
2021-02-13 14:04:21   测试2
2021-02-13 14:04:21   测试3
2021-02-13 14:43:23   add: {"username":"test","password":"90a3ed9e32b2aaf4c61c410eb925426119e1a9dc53d4286ade99a809","quota":107374182400,"enable":true,"level":0,"expiryDate":"2050-01-01","passwordShow":"dGVzdA=="}
2021-02-13 14:43:23   add: {"username":"test2","password":"90a3ed9e32b2aaf4c61c410eb925426119e1a9dc53d4286ade99a809","quota":107374182400,"enable":true,"level":0,"expiryDate":"2050-01-01","passwordShow":"dGVzdA=="}
2021-02-13 14:43:23   del: {"id":"38","username":"test2","passwordShow":"dGVzdA==","quota":"107374182400","useDays":"30","expiryDate":"2050-01-01"}
2021-02-13 14:43:23   update: {"id":"37","username":"test","passwordShow":"dGVzdA==","quota":"107374182400","useDays":"30","expiryDate":"2050-01-01"} => {"username":"test","password":"90a3ed9e32b2aaf4c61c410eb925426119e1a9dc53d4286ade99a809","quota":107374182400,"enable":true,"level":0,"expiryDate":"2050-01-02","passwordShow":"dGVzdA==","id":"37"}
2021-02-13 14:43:23   !!!!!!!!!!!!!!!!!!!!! Clear: 流量清零 !!!!!!!!!!!!!!!!!!!!!!
2021-02-13 14:43:23   测试
2021-02-13 14:43:23   测试2
2021-02-13 14:43:23   测试3
2021-02-13 15:06:22   add: {"username":"test","password":"90a3ed9e32b2aaf4c61c410eb925426119e1a9dc53d4286ade99a809","quota":107374182400,"enable":true,"level":0,"expiryDate":"2050-01-01","passwordShow":"dGVzdA=="}
2021-02-13 15:06:22   add: {"username":"test2","password":"90a3ed9e32b2aaf4c61c410eb925426119e1a9dc53d4286ade99a809","quota":107374182400,"enable":true,"level":0,"expiryDate":"2050-01-01","passwordShow":"dGVzdA=="}
2021-02-13 15:06:22   del: {"id":"40","username":"test2","passwordShow":"dGVzdA==","quota":"107374182400","useDays":"30","expiryDate":"2050-01-01"}
2021-02-13 15:06:22   update: {"id":"39","username":"test","passwordShow":"dGVzdA==","quota":"107374182400","useDays":"30","expiryDate":"2050-01-01"} => {"username":"test","password":"90a3ed9e32b2aaf4c61c410eb925426119e1a9dc53d4286ade99a809","quota":107374182400,"enable":true,"level":0,"expiryDate":"2050-01-02","passwordShow":"dGVzdA==","id":"39"}
2021-02-13 15:06:22   !!!!!!!!!!!!!!!!!!!!! Clear: 流量清零 !!!!!!!!!!!!!!!!!!!!!!
2021-02-13 15:06:22   测试
2021-02-13 15:06:22   测试2
2021-02-13 15:06:22   测试3
2021-02-13 15:09:16   update: {"id":"39","username":"test","passwordShow":"dGVzdA==","quota":"107374182400","useDays":"30","expiryDate":"2050-01-02"} => {"username":"test","password":"90a3ed9e32b2aaf4c61c410eb925426119e1a9dc53d4286ade99a809","quota":107374182400,"enable":true,"level":0,"expiryDate":"2050-01-01","passwordShow":"dGVzdA==","id":"39"}
2021-02-13 15:09:16   add: {"username":"test2","password":"90a3ed9e32b2aaf4c61c410eb925426119e1a9dc53d4286ade99a809","quota":107374182400,"enable":true,"level":0,"expiryDate":"2050-01-01","passwordShow":"dGVzdA=="}
2021-02-13 15:09:16   del: {"id":"41","username":"test2","passwordShow":"dGVzdA==","quota":"107374182400","useDays":"30","expiryDate":"2050-01-01"}
2021-02-13 15:09:16   update: {"id":"39","username":"test","passwordShow":"dGVzdA==","quota":"107374182400","useDays":"30","expiryDate":"2050-01-01"} => {"username":"test","password":"90a3ed9e32b2aaf4c61c410eb925426119e1a9dc53d4286ade99a809","quota":107374182400,"enable":true,"level":0,"expiryDate":"2050-01-02","passwordShow":"dGVzdA==","id":"39"}
2021-02-13 15:09:16   !!!!!!!!!!!!!!!!!!!!! Clear: 流量清零 !!!!!!!!!!!!!!!!!!!!!!
2021-02-13 15:09:16   测试
2021-02-13 15:09:16   测试2
2021-02-13 15:09:16   测试3
2021-02-13 15:09:26   add: {"username":"test","password":"90a3ed9e32b2aaf4c61c410eb925426119e1a9dc53d4286ade99a809","quota":107374182400,"enable":true,"level":0,"expiryDate":"2050-01-01","passwordShow":"dGVzdA=="}
2021-02-13 15:09:26   add: {"username":"test2","password":"90a3ed9e32b2aaf4c61c410eb925426119e1a9dc53d4286ade99a809","quota":107374182400,"enable":true,"level":0,"expiryDate":"2050-01-01","passwordShow":"dGVzdA=="}
2021-02-13 15:09:26   del: {"id":"43","username":"test2","passwordShow":"dGVzdA==","quota":"107374182400","useDays":"30","expiryDate":"2050-01-01"}
2021-02-13 15:09:26   update: {"id":"42","username":"test","passwordShow":"dGVzdA==","quota":"107374182400","useDays":"30","expiryDate":"2050-01-01"} => {"username":"test","password":"90a3ed9e32b2aaf4c61c410eb925426119e1a9dc53d4286ade99a809","quota":107374182400,"enable":true,"level":0,"expiryDate":"2050-01-02","passwordShow":"dGVzdA==","id":"42"}
2021-02-13 15:09:26   !!!!!!!!!!!!!!!!!!!!! Clear: 流量清零 !!!!!!!!!!!!!!!!!!!!!!
2021-02-13 15:09:26   测试
2021-02-13 15:09:26   测试2
2021-02-13 15:09:26   测试3
2021-02-13 15:13:19   add: {"username":"test","password":"90a3ed9e32b2aaf4c61c410eb925426119e1a9dc53d4286ade99a809","quota":107374182400,"enable":true,"level":0,"expiryDate":"2050-01-01","passwordShow":"dGVzdA=="}
2021-02-13 15:13:19   add: {"username":"test2","password":"90a3ed9e32b2aaf4c61c410eb925426119e1a9dc53d4286ade99a809","quota":107374182400,"enable":true,"level":0,"expiryDate":"2050-01-01","passwordShow":"dGVzdA=="}
2021-02-13 15:13:19   del: {"id":"45","username":"test2","passwordShow":"dGVzdA==","quota":"107374182400","useDays":"30","expiryDate":"2050-01-01"}
2021-02-13 15:13:19   update: {"id":"44","username":"test","passwordShow":"dGVzdA==","quota":"107374182400","useDays":"30","expiryDate":"2050-01-01"} => {"username":"test","password":"90a3ed9e32b2aaf4c61c410eb925426119e1a9dc53d4286ade99a809","quota":107374182400,"enable":true,"level":0,"expiryDate":"2050-01-02","passwordShow":"dGVzdA==","id":"44"}
2021-02-13 15:13:19   !!!!!!!!!!!!!!!!!!!!! Clear: 流量清零 !!!!!!!!!!!!!!!!!!!!!!
2021-02-13 15:13:19   测试
2021-02-13 15:13:19   测试2
2021-02-13 15:13:19   测试3
2021-02-13 15:13:49   add: {"username":"test","password":"90a3ed9e32b2aaf4c61c410eb925426119e1a9dc53d4286ade99a809","quota":107374182400,"enable":true,"level":0,"expiryDate":"2050-01-01","passwordShow":"dGVzdA=="}
2021-02-13 15:13:49   add: {"username":"test2","password":"90a3ed9e32b2aaf4c61c410eb925426119e1a9dc53d4286ade99a809","quota":107374182400,"enable":true,"level":0,"expiryDate":"2050-01-01","passwordShow":"dGVzdA=="}
2021-02-13 15:13:49   del: {"id":"47","username":"test2","passwordShow":"dGVzdA==","quota":"107374182400","useDays":"30","expiryDate":"2050-01-01"}
2021-02-13 15:13:49   update: {"id":"46","username":"test","passwordShow":"dGVzdA==","quota":"107374182400","useDays":"30","expiryDate":"2050-01-01"} => {"username":"test","password":"90a3ed9e32b2aaf4c61c410eb925426119e1a9dc53d4286ade99a809","quota":107374182400,"enable":true,"level":0,"expiryDate":"2050-01-02","passwordShow":"dGVzdA==","id":"46"}
2021-02-13 15:13:49   !!!!!!!!!!!!!!!!!!!!! Clear: 流量清零 !!!!!!!!!!!!!!!!!!!!!!
2021-02-13 15:13:49   测试
2021-02-13 15:13:49   测试2
2021-02-13 15:13:49   测试3
2021-02-13 15:25:13   add: {"username":"test","password":"90a3ed9e32b2aaf4c61c410eb925426119e1a9dc53d4286ade99a809","quota":107374182400,"enable":true,"level":0,"expiryDate":"2050-01-01","passwordShow":"dGVzdA=="}
2021-02-13 15:25:13   add: {"username":"test2","password":"90a3ed9e32b2aaf4c61c410eb925426119e1a9dc53d4286ade99a809","quota":107374182400,"enable":true,"level":0,"expiryDate":"2050-01-01","passwordShow":"dGVzdA=="}
2021-02-13 15:25:13   del: {"id":"49","username":"test2","passwordShow":"dGVzdA==","quota":"107374182400","useDays":"30","expiryDate":"2050-01-01"}
2021-02-13 15:25:13   update: {"id":"48","username":"test","passwordShow":"dGVzdA==","quota":"107374182400","useDays":"30","expiryDate":"2050-01-01"} => {"username":"test","password":"90a3ed9e32b2aaf4c61c410eb925426119e1a9dc53d4286ade99a809","quota":107374182400,"enable":true,"level":0,"expiryDate":"2050-01-02","passwordShow":"dGVzdA==","id":"48"}
2021-02-13 15:25:13   !!!!!!!!!!!!!!!!!!!!! Clear: 流量清零 !!!!!!!!!!!!!!!!!!!!!!
2021-02-13 15:25:13   测试
2021-02-13 15:25:13   测试2
2021-02-13 15:25:13   测试3
2021-02-13 15:26:20   add: {"username":"test","password":"90a3ed9e32b2aaf4c61c410eb925426119e1a9dc53d4286ade99a809","quota":107374182400,"enable":true,"level":0,"expiryDate":"2050-01-01","passwordShow":"dGVzdA=="}
2021-02-13 15:26:20   add: {"username":"test2","password":"90a3ed9e32b2aaf4c61c410eb925426119e1a9dc53d4286ade99a809","quota":107374182400,"enable":true,"level":0,"expiryDate":"2050-01-01","passwordShow":"dGVzdA=="}
2021-02-13 15:26:20   del: {"id":"51","username":"test2","passwordShow":"dGVzdA==","quota":"107374182400","useDays":"30","expiryDate":"2050-01-01"}
2021-02-13 15:26:20   update: {"id":"50","username":"test","passwordShow":"dGVzdA==","quota":"107374182400","useDays":"30","expiryDate":"2050-01-01"} => {"username":"test","password":"90a3ed9e32b2aaf4c61c410eb925426119e1a9dc53d4286ade99a809","quota":107374182400,"enable":true,"level":0,"expiryDate":"2050-01-02","passwordShow":"dGVzdA==","id":"50"}
2021-02-13 15:26:20   !!!!!!!!!!!!!!!!!!!!! Clear: 流量清零 !!!!!!!!!!!!!!!!!!!!!!
2021-02-13 15:26:20   测试
2021-02-13 15:26:20   测试2
2021-02-13 15:26:20   测试3
2021-02-13 15:59:40   add: {"username":"test","password":"90a3ed9e32b2aaf4c61c410eb925426119e1a9dc53d4286ade99a809","quota":107374182400,"enable":true,"level":0,"expiryDate":"2050-01-01","passwordShow":"dGVzdA=="}
2021-02-13 15:59:40   add: {"username":"test2","password":"90a3ed9e32b2aaf4c61c410eb925426119e1a9dc53d4286ade99a809","quota":107374182400,"enable":true,"level":0,"expiryDate":"2050-01-01","passwordShow":"dGVzdA=="}
2021-02-13 15:59:40   del: {"id":"53","username":"test2","passwordShow":"dGVzdA==","quota":"107374182400","useDays":"30","expiryDate":"2050-01-01"}
2021-02-13 15:59:40   update: {"id":"52","username":"test","passwordShow":"dGVzdA==","quota":"107374182400","useDays":"30","expiryDate":"2050-01-01"} => {"username":"test","password":"90a3ed9e32b2aaf4c61c410eb925426119e1a9dc53d4286ade99a809","quota":107374182400,"enable":true,"level":0,"expiryDate":"2050-01-02","passwordShow":"dGVzdA==","id":"52"}
2021-02-13 15:59:40   !!!!!!!!!!!!!!!!!!!!! Clear: 流量清零 !!!!!!!!!!!!!!!!!!!!!!
2021-02-13 15:59:40   测试
2021-02-13 15:59:40   测试2
2021-02-13 15:59:40   测试3
2021-02-13 15:59:56   add: {"username":"test","password":"90a3ed9e32b2aaf4c61c410eb925426119e1a9dc53d4286ade99a809","quota":107374182400,"enable":true,"level":0,"expiryDate":"2050-01-01","passwordShow":"dGVzdA=="}
2021-02-13 15:59:56   add: {"username":"test2","password":"90a3ed9e32b2aaf4c61c410eb925426119e1a9dc53d4286ade99a809","quota":107374182400,"enable":true,"level":0,"expiryDate":"2050-01-01","passwordShow":"dGVzdA=="}
2021-02-13 15:59:56   del: {"id":"55","username":"test2","passwordShow":"dGVzdA==","quota":"107374182400","useDays":"30","expiryDate":"2050-01-01"}
2021-02-13 15:59:56   update: {"id":"54","username":"test","passwordShow":"dGVzdA==","quota":"107374182400","useDays":"30","expiryDate":"2050-01-01"} => {"username":"test","password":"90a3ed9e32b2aaf4c61c410eb925426119e1a9dc53d4286ade99a809","quota":107374182400,"enable":true,"level":0,"expiryDate":"2050-01-02","passwordShow":"dGVzdA==","id":"54"}
2021-02-13 15:59:56   !!!!!!!!!!!!!!!!!!!!! Clear: 流量清零 !!!!!!!!!!!!!!!!!!!!!!
2021-02-13 15:59:56   测试
2021-02-13 15:59:56   测试2
2021-02-13 15:59:56   测试3
2021-02-13 16:35:05   add: {"username":"test","password":"90a3ed9e32b2aaf4c61c410eb925426119e1a9dc53d4286ade99a809","quota":107374182400,"enable":true,"level":0,"expiryDate":"2050-01-01","passwordShow":"dGVzdA=="}
2021-02-13 16:35:05   add: {"username":"test2","password":"90a3ed9e32b2aaf4c61c410eb925426119e1a9dc53d4286ade99a809","quota":107374182400,"enable":true,"level":0,"expiryDate":"2050-01-01","passwordShow":"dGVzdA=="}
2021-02-13 16:35:05   del: {"id":"57","username":"test2","passwordShow":"dGVzdA==","quota":"107374182400","useDays":"30","expiryDate":"2050-01-01"}
2021-02-13 16:35:05   update: {"id":"56","username":"test","passwordShow":"dGVzdA==","quota":"107374182400","useDays":"30","expiryDate":"2050-01-01"} => {"username":"test","password":"90a3ed9e32b2aaf4c61c410eb925426119e1a9dc53d4286ade99a809","quota":107374182400,"enable":true,"level":0,"expiryDate":"2050-01-02","passwordShow":"dGVzdA==","id":"56"}
2021-02-13 16:35:05   !!!!!!!!!!!!!!!!!!!!! Clear: 流量清零 !!!!!!!!!!!!!!!!!!!!!!
2021-02-13 16:35:05   测试
2021-02-13 16:35:05   测试2
2021-02-13 16:35:05   测试3
2021-02-13 16:35:24   update: {"id":"56","username":"test","passwordShow":"dGVzdA==","quota":"107374182400","useDays":"30","expiryDate":"2050-01-02"} => {"username":"test","password":"90a3ed9e32b2aaf4c61c410eb925426119e1a9dc53d4286ade99a809","quota":107374182400,"enable":true,"level":0,"expiryDate":"2050-01-01","passwordShow":"dGVzdA==","id":"56"}
2021-02-13 16:35:24   add: {"username":"test2","password":"90a3ed9e32b2aaf4c61c410eb925426119e1a9dc53d4286ade99a809","quota":107374182400,"enable":true,"level":0,"expiryDate":"2050-01-01","passwordShow":"dGVzdA=="}
2021-02-13 16:35:24   del: {"id":"58","username":"test2","passwordShow":"dGVzdA==","quota":"107374182400","useDays":"30","expiryDate":"2050-01-01"}
2021-02-13 16:35:24   update: {"id":"56","username":"test","passwordShow":"dGVzdA==","quota":"107374182400","useDays":"30","expiryDate":"2050-01-01"} => {"username":"test","password":"90a3ed9e32b2aaf4c61c410eb925426119e1a9dc53d4286ade99a809","quota":107374182400,"enable":true,"level":0,"expiryDate":"2050-01-02","passwordShow":"dGVzdA==","id":"56"}
2021-02-13 16:35:24   !!!!!!!!!!!!!!!!!!!!! Clear: 流量清零 !!!!!!!!!!!!!!!!!!!!!!
2021-02-13 16:35:24   测试
2021-02-13 16:35:24   测试2
2021-02-13 16:35:24   测试3
2021-02-13 16:35:33   add: {"username":"test","password":"90a3ed9e32b2aaf4c61c410eb925426119e1a9dc53d4286ade99a809","quota":107374182400,"enable":true,"level":0,"expiryDate":"2050-01-01","passwordShow":"dGVzdA=="}
2021-02-13 16:35:33   add: {"username":"test2","password":"90a3ed9e32b2aaf4c61c410eb925426119e1a9dc53d4286ade99a809","quota":107374182400,"enable":true,"level":0,"expiryDate":"2050-01-01","passwordShow":"dGVzdA=="}
2021-02-13 16:35:33   del: {"id":"60","username":"test2","passwordShow":"dGVzdA==","quota":"107374182400","useDays":"30","expiryDate":"2050-01-01"}
2021-02-13 16:35:33   update: {"id":"59","username":"test","passwordShow":"dGVzdA==","quota":"107374182400","useDays":"30","expiryDate":"2050-01-01"} => {"username":"test","password":"90a3ed9e32b2aaf4c61c410eb925426119e1a9dc53d4286ade99a809","quota":107374182400,"enable":true,"level":0,"expiryDate":"2050-01-02","passwordShow":"dGVzdA==","id":"59"}
2021-02-13 16:35:33   !!!!!!!!!!!!!!!!!!!!! Clear: 流量清零 !!!!!!!!!!!!!!!!!!!!!!
2021-02-13 16:35:33   测试
2021-02-13 16:35:33   测试2
2021-02-13 16:35:33   测试3
2021-03-01 01:14:59   !!!!!!!!!!!!!!!!!!!!! Clear: 流量清零 !!!!!!!!!!!!!!!!!!!!!!
2021-03-01 01:14:59   测试
2021-03-01 01:14:59   测试2
2021-03-01 01:14:59   测试3
2021-03-01 01:49:58   !!!!!!!!!!!!!!!!!!!!! Clear: 流量清零 !!!!!!!!!!!!!!!!!!!!!!
2021-03-01 01:49:58   测试
2021-03-01 01:49:58   测试2
2021-03-01 01:49:58   测试3
2021-03-01 01:51:42   !!!!!!!!!!!!!!!!!!!!! Clear: 流量清零 !!!!!!!!!!!!!!!!!!!!!!
2021-03-01 01:51:42   测试
2021-03-01 01:51:42   测试2
2021-03-01 01:51:42   测试3
2021-03-01 01:55:22   !!!!!!!!!!!!!!!!!!!!! Clear: 流量清零 !!!!!!!!!!!!!!!!!!!!!!
2021-03-01 01:55:22   测试
2021-03-01 01:55:22   测试2
2021-03-01 01:55:22   测试3
2021-03-01 02:01:10   add: {"username":"test","password":"90a3ed9e32b2aaf4c61c410eb925426119e1a9dc53d4286ade99a809","quota":107374182400,"enable":true,"level":0,"expiryDate":"2050-01-01","passwordShow":"dGVzdA==","useDays":30}
2021-03-01 02:01:10   add: {"username":"test2","password":"90a3ed9e32b2aaf4c61c410eb925426119e1a9dc53d4286ade99a809","quota":107374182400,"enable":true,"level":0,"expiryDate":"2050-01-01","passwordShow":"dGVzdA==","useDays":30}
2021-03-01 02:01:10   del: {"id":"62","username":"test2","passwordShow":"dGVzdA==","quota":"107374182400","useDays":"30","expiryDate":"2050-01-01"}
2021-03-01 02:01:10   update: {"id":"61","username":"test","passwordShow":"dGVzdA==","quota":"107374182400","useDays":"30","expiryDate":"2050-01-01"} => {"username":"test","password":"90a3ed9e32b2aaf4c61c410eb925426119e1a9dc53d4286ade99a809","quota":107374182400,"enable":true,"level":0,"expiryDate":"2050-01-02","passwordShow":"dGVzdA==","useDays":30,"id":"61"}
2021-03-01 02:01:10   !!!!!!!!!!!!!!!!!!!!! Clear: 流量清零 !!!!!!!!!!!!!!!!!!!!!!
2021-03-01 02:01:10   测试
2021-03-01 02:01:10   测试2
2021-03-01 02:01:10   测试3
2021-03-05 16:07:15   add: {"username":"twbworld","password":"c4f9c220e24da151d94a5523fbb1f27952429633f134debf61fefef8","quota":-1,"enable":true,"level":1,"expiryDate":"","passwordShow":"dHdid29ybGQ=","useDays":0}
2021-03-05 16:07:15   add: {"username":"kxl","password":"8123bf349f17f15031ab1f33a6ddd20423f101526a2fb5945965f32f","quota":-1,"enable":true,"level":1,"expiryDate":"","passwordShow":"a3hs","useDays":0}
2021-03-05 16:07:15   add: {"username":"ighfdgu","password":"75872c6a010134cc4b56bde7231b75d2aa11fab0d9cd00fcf41acc8a","quota":107374182400,"enable":true,"level":0,"expiryDate":"2021-03-23","passwordShow":"aWdoZmRndQ==","useDays":30}
2021-03-05 16:07:15   add: {"username":"210301_acac945","password":"35f0b26c19c6c16fb4a9df8dbd8be464a0bc300122e21276c1796a4e","quota":53687091200,"enable":true,"level":0,"expiryDate":"2021-05-01","passwordShow":"MjEwMzAxX2FjYWM5NDU=","useDays":30}
2021-03-05 16:07:15   add: {"username":"aaa","password":"ed782653bfec275cf37d027511a68cece08d1e53df1360c762ce043a","quota":53687091200,"enable":true,"level":0,"expiryDate":"2021-02-01","passwordShow":"YWFh","useDays":30}
2021-03-05 16:07:51   !!!!!!!!!!!!!!!!!!!!! Clear: 流量清零 !!!!!!!!!!!!!!!!!!!!!!
2021-03-05 16:11:21   !!!!!!!!!!!!!!!!!!!!! Clear: 流量清零 !!!!!!!!!!!!!!!!!!!!!!
2021-03-05 16:14:57   !!!!!!!!!!!!!!!!!!!!! Clear: 流量清零 !!!!!!!!!!!!!!!!!!!!!!
2021-03-05 17:30:49   过期用户处理, id为: 
2021-03-05 17:38:15   过期用户处理: 
2021-03-05 17:39:18   过期用户处理: [65]ighfdgu[67]aaa
2021-03-05 17:46:12   add: {"username":"test","password":"90a3ed9e32b2aaf4c61c410eb925426119e1a9dc53d4286ade99a809","quota":107374182400,"enable":true,"level":0,"expiryDate":"2050-01-01","passwordShow":"dGVzdA==","useDays":30}
2021-03-05 17:46:12   add: {"username":"test2","password":"90a3ed9e32b2aaf4c61c410eb925426119e1a9dc53d4286ade99a809","quota":107374182400,"enable":true,"level":0,"expiryDate":"2050-01-01","passwordShow":"dGVzdA==","useDays":30}
2021-03-05 17:46:12   del: {"id":"63","username":"twbworld","passwordShow":"dHdid29ybGQ=","quota":"-1","useDays":"0","expiryDate":""}
2021-03-05 17:46:12   del: {"id":"64","username":"kxl","passwordShow":"a3hs","quota":"-1","useDays":"0","expiryDate":""}
2021-03-05 17:46:12   del: {"id":"65","username":"ighfdgu","passwordShow":"aWdoZmRndQ==","quota":"0","useDays":"30","expiryDate":"2021-03-04"}
2021-03-05 17:46:12   del: {"id":"66","username":"210301_acac945","passwordShow":"MjEwMzAxX2FjYWM5NDU=","quota":"53687091200","useDays":"30","expiryDate":"2021-05-01"}
2021-03-05 17:46:12   del: {"id":"67","username":"aaa","passwordShow":"YWFh","quota":"0","useDays":"30","expiryDate":"2021-03-04"}
2021-03-05 17:46:12   del: {"id":"69","username":"test2","passwordShow":"dGVzdA==","quota":"107374182400","useDays":"30","expiryDate":"2050-01-01"}
2021-03-05 17:46:12   update: {"id":"68","username":"test","passwordShow":"dGVzdA==","quota":"107374182400","useDays":"30","expiryDate":"2050-01-01"} => {"username":"test","password":"90a3ed9e32b2aaf4c61c410eb925426119e1a9dc53d4286ade99a809","quota":107374182400,"enable":true,"level":0,"expiryDate":"2050-01-02","passwordShow":"dGVzdA==","useDays":30,"id":"68"}
2021-03-05 17:46:12   !!!!!!!!!!!!!!!!!!!!! Clear: 流量清零 !!!!!!!!!!!!!!!!!!!!!!
2021-03-05 17:46:26   update: {"id":"68","username":"test","passwordShow":"dGVzdA==","quota":"107374182400","useDays":"30","expiryDate":"2050-01-02"} => {"username":"test","password":"90a3ed9e32b2aaf4c61c410eb925426119e1a9dc53d4286ade99a809","quota":107374182400,"enable":true,"level":0,"expiryDate":"2050-01-01","passwordShow":"dGVzdA==","useDays":30,"id":"68"}
2021-03-05 17:46:26   add: {"username":"test2","password":"90a3ed9e32b2aaf4c61c410eb925426119e1a9dc53d4286ade99a809","quota":107374182400,"enable":true,"level":0,"expiryDate":"2050-01-01","passwordShow":"dGVzdA==","useDays":30}
2021-03-05 17:46:26   del: {"id":"70","username":"test2","passwordShow":"dGVzdA==","quota":"107374182400","useDays":"30","expiryDate":"2050-01-01"}
2021-03-05 17:46:26   update: {"id":"68","username":"test","passwordShow":"dGVzdA==","quota":"107374182400","useDays":"30","expiryDate":"2050-01-01"} => {"username":"test","password":"90a3ed9e32b2aaf4c61c410eb925426119e1a9dc53d4286ade99a809","quota":107374182400,"enable":true,"level":0,"expiryDate":"2050-01-02","passwordShow":"dGVzdA==","useDays":30,"id":"68"}
2021-03-05 17:46:26   !!!!!!!!!!!!!!!!!!!!! Clear: 流量清零 !!!!!!!!!!!!!!!!!!!!!!
2021-03-05 17:46:41   add: {"username":"test","password":"90a3ed9e32b2aaf4c61c410eb925426119e1a9dc53d4286ade99a809","quota":107374182400,"enable":true,"level":0,"expiryDate":"2050-01-01","passwordShow":"dGVzdA==","useDays":30}
2021-03-05 17:46:41   add: {"username":"test2","password":"90a3ed9e32b2aaf4c61c410eb925426119e1a9dc53d4286ade99a809","quota":107374182400,"enable":true,"level":0,"expiryDate":"2050-01-01","passwordShow":"dGVzdA==","useDays":30}
2021-03-05 17:46:41   del: {"id":"72","username":"test2","passwordShow":"dGVzdA==","quota":"107374182400","useDays":"30","expiryDate":"2050-01-01"}
2021-03-05 17:46:41   update: {"id":"71","username":"test","passwordShow":"dGVzdA==","quota":"107374182400","useDays":"30","expiryDate":"2050-01-01"} => {"username":"test","password":"90a3ed9e32b2aaf4c61c410eb925426119e1a9dc53d4286ade99a809","quota":107374182400,"enable":true,"level":0,"expiryDate":"2050-01-02","passwordShow":"dGVzdA==","useDays":30,"id":"71"}
2021-03-05 17:46:41   !!!!!!!!!!!!!!!!!!!!! Clear: 流量清零 !!!!!!!!!!!!!!!!!!!!!!
2021-03-05 17:48:39   update: {"id":"71","username":"test","passwordShow":"dGVzdA==","quota":"107374182400","useDays":"30","expiryDate":"2050-01-02"} => {"username":"test","password":"90a3ed9e32b2aaf4c61c410eb925426119e1a9dc53d4286ade99a809","quota":107374182400,"enable":true,"level":0,"expiryDate":"2050-01-01","passwordShow":"dGVzdA==","useDays":30,"id":"71"}
2021-03-05 17:48:39   add: {"username":"test2","password":"90a3ed9e32b2aaf4c61c410eb925426119e1a9dc53d4286ade99a809","quota":107374182400,"enable":true,"level":0,"expiryDate":"2050-01-01","passwordShow":"dGVzdA==","useDays":30}
2021-03-05 17:48:39   del: {"id":"73","username":"test2","passwordShow":"dGVzdA==","quota":"107374182400","useDays":"30","expiryDate":"2050-01-01"}
2021-03-05 17:48:39   update: {"id":"71","username":"test","passwordShow":"dGVzdA==","quota":"107374182400","useDays":"30","expiryDate":"2050-01-01"} => {"username":"test","password":"90a3ed9e32b2aaf4c61c410eb925426119e1a9dc53d4286ade99a809","quota":107374182400,"enable":true,"level":0,"expiryDate":"2021-03-04","passwordShow":"dGVzdA==","useDays":30,"id":"71"}
2021-03-05 17:48:39   !!!!!!!!!!!!!!!!!!!!! Clear: 流量清零 !!!!!!!!!!!!!!!!!!!!!!
2021-03-05 17:48:48   add: {"username":"test","password":"90a3ed9e32b2aaf4c61c410eb925426119e1a9dc53d4286ade99a809","quota":107374182400,"enable":true,"level":0,"expiryDate":"2050-01-01","passwordShow":"dGVzdA==","useDays":30}
2021-03-05 17:48:48   add: {"username":"test2","password":"90a3ed9e32b2aaf4c61c410eb925426119e1a9dc53d4286ade99a809","quota":107374182400,"enable":true,"level":0,"expiryDate":"2050-01-01","passwordShow":"dGVzdA==","useDays":30}
2021-03-05 17:48:48   del: {"id":"75","username":"test2","passwordShow":"dGVzdA==","quota":"107374182400","useDays":"30","expiryDate":"2050-01-01"}
2021-03-05 17:48:48   update: {"id":"74","username":"test","passwordShow":"dGVzdA==","quota":"107374182400","useDays":"30","expiryDate":"2050-01-01"} => {"username":"test","password":"90a3ed9e32b2aaf4c61c410eb925426119e1a9dc53d4286ade99a809","quota":107374182400,"enable":true,"level":0,"expiryDate":"2021-03-04","passwordShow":"dGVzdA==","useDays":30,"id":"74"}
2021-03-05 17:48:48   !!!!!!!!!!!!!!!!!!!!! Clear: 流量清零 !!!!!!!!!!!!!!!!!!!!!!
2021-03-05 17:50:25   add: {"username":"test","password":"90a3ed9e32b2aaf4c61c410eb925426119e1a9dc53d4286ade99a809","quota":107374182400,"enable":true,"level":0,"expiryDate":"2050-01-01","passwordShow":"dGVzdA==","useDays":30}
2021-03-05 17:50:25   add: {"username":"test2","password":"90a3ed9e32b2aaf4c61c410eb925426119e1a9dc53d4286ade99a809","quota":107374182400,"enable":true,"level":0,"expiryDate":"2050-01-01","passwordShow":"dGVzdA==","useDays":30}
2021-03-05 17:50:25   del: {"id":"77","username":"test2","passwordShow":"dGVzdA==","quota":"107374182400","useDays":"30","expiryDate":"2050-01-01"}
2021-03-05 17:50:25   update: {"id":"76","username":"test","passwordShow":"dGVzdA==","quota":"107374182400","useDays":"30","expiryDate":"2050-01-01"} => {"username":"test","password":"90a3ed9e32b2aaf4c61c410eb925426119e1a9dc53d4286ade99a809","quota":107374182400,"enable":true,"level":0,"expiryDate":"2021-03-04","passwordShow":"dGVzdA==","useDays":30,"id":"76"}
2021-03-05 17:50:25   !!!!!!!!!!!!!!!!!!!!! Clear: 流量清零 !!!!!!!!!!!!!!!!!!!!!!
2021-03-05 17:50:47   add: {"username":"test","password":"90a3ed9e32b2aaf4c61c410eb925426119e1a9dc53d4286ade99a809","quota":107374182400,"enable":true,"level":0,"expiryDate":"2050-01-01","passwordShow":"dGVzdA==","useDays":30}
2021-03-05 17:50:47   add: {"username":"test2","password":"90a3ed9e32b2aaf4c61c410eb925426119e1a9dc53d4286ade99a809","quota":107374182400,"enable":true,"level":0,"expiryDate":"2050-01-01","passwordShow":"dGVzdA==","useDays":30}
2021-03-05 17:50:47   del: {"id":"79","username":"test2","passwordShow":"dGVzdA==","quota":"107374182400","useDays":"30","expiryDate":"2050-01-01"}
2021-03-05 17:50:47   update: {"id":"78","username":"test","passwordShow":"dGVzdA==","quota":"107374182400","useDays":"30","expiryDate":"2050-01-01"} => {"username":"test","password":"90a3ed9e32b2aaf4c61c410eb925426119e1a9dc53d4286ade99a809","quota":107374182400,"enable":true,"level":0,"expiryDate":"2021-03-03","passwordShow":"dGVzdA==","useDays":30,"id":"78"}
2021-03-05 17:50:47   !!!!!!!!!!!!!!!!!!!!! Clear: 流量清零 !!!!!!!!!!!!!!!!!!!!!!
2021-03-05 17:51:41   update: {"id":"78","username":"test","passwordShow":"dGVzdA==","quota":"107374182400","useDays":"30","expiryDate":"2021-03-03"} => {"username":"test","password":"90a3ed9e32b2aaf4c61c410eb925426119e1a9dc53d4286ade99a809","quota":107374182400,"enable":true,"level":0,"expiryDate":"2050-01-01","passwordShow":"dGVzdA==","useDays":30,"id":"78"}
2021-03-05 17:51:41   add: {"username":"test2","password":"90a3ed9e32b2aaf4c61c410eb925426119e1a9dc53d4286ade99a809","quota":107374182400,"enable":true,"level":0,"expiryDate":"2050-01-01","passwordShow":"dGVzdA==","useDays":30}
2021-03-05 17:51:41   del: {"id":"80","username":"test2","passwordShow":"dGVzdA==","quota":"107374182400","useDays":"30","expiryDate":"2050-01-01"}
2021-03-05 17:51:41   update: {"id":"78","username":"test","passwordShow":"dGVzdA==","quota":"107374182400","useDays":"30","expiryDate":"2050-01-01"} => {"username":"test","password":"90a3ed9e32b2aaf4c61c410eb925426119e1a9dc53d4286ade99a809","quota":107374182400,"enable":true,"level":0,"expiryDate":"2021-03-04","passwordShow":"dGVzdA==","useDays":30,"id":"78"}
2021-03-05 17:51:41   !!!!!!!!!!!!!!!!!!!!! Clear: 流量清零 !!!!!!!!!!!!!!!!!!!!!!
2021-03-05 17:51:41   过期用户处理: [78]test
2021-03-05 17:51:41   测试
2021-03-05 17:51:41   测试2
2021-03-05 17:51:41   测试3
2021-03-05 17:52:27   add: {"username":"test","password":"90a3ed9e32b2aaf4c61c410eb925426119e1a9dc53d4286ade99a809","quota":107374182400,"enable":true,"level":0,"expiryDate":"2050-01-01","passwordShow":"dGVzdA==","useDays":30}
2021-03-05 17:52:27   add: {"username":"test2","password":"90a3ed9e32b2aaf4c61c410eb925426119e1a9dc53d4286ade99a809","quota":107374182400,"enable":true,"level":0,"expiryDate":"2050-01-01","passwordShow":"dGVzdA==","useDays":30}
2021-03-05 17:52:27   del: {"id":"82","username":"test2","passwordShow":"dGVzdA==","quota":"107374182400","useDays":"30","expiryDate":"2050-01-01"}
2021-03-05 17:52:27   update: {"id":"81","username":"test","passwordShow":"dGVzdA==","quota":"107374182400","useDays":"30","expiryDate":"2050-01-01"} => {"username":"test","password":"90a3ed9e32b2aaf4c61c410eb925426119e1a9dc53d4286ade99a809","quota":107374182400,"enable":true,"level":0,"expiryDate":"2021-03-04","passwordShow":"dGVzdA==","useDays":30,"id":"81"}
2021-03-05 17:52:27   !!!!!!!!!!!!!!!!!!!!! Clear: 流量清零 !!!!!!!!!!!!!!!!!!!!!!
2021-03-05 17:52:27   过期用户处理: [81]test
2021-03-05 17:52:27   测试
2021-03-05 17:52:27   测试2
2021-03-05 17:52:27   测试3
2021-03-05 17:54:24   add: {"username":"test","password":"90a3ed9e32b2aaf4c61c410eb925426119e1a9dc53d4286ade99a809","quota":107374182400,"enable":true,"level":0,"expiryDate":"2050-01-01","passwordShow":"dGVzdA==","useDays":30}
2021-03-05 17:54:24   add: {"username":"test2","password":"90a3ed9e32b2aaf4c61c410eb925426119e1a9dc53d4286ade99a809","quota":107374182400,"enable":true,"level":0,"expiryDate":"2050-01-01","passwordShow":"dGVzdA==","useDays":30}
2021-03-05 17:54:24   del: {"id":"84","username":"test2","passwordShow":"dGVzdA==","quota":"107374182400","useDays":"30","expiryDate":"2050-01-01"}
2021-03-05 17:54:24   update: {"id":"83","username":"test","passwordShow":"dGVzdA==","quota":"107374182400","useDays":"30","expiryDate":"2050-01-01"} => {"username":"test","password":"90a3ed9e32b2aaf4c61c410eb925426119e1a9dc53d4286ade99a809","quota":107374182400,"enable":true,"level":0,"expiryDate":"2021-03-04","passwordShow":"dGVzdA==","useDays":30,"id":"83"}
2021-03-05 17:54:24   !!!!!!!!!!!!!!!!!!!!! Clear: 流量清零 !!!!!!!!!!!!!!!!!!!!!!
2021-03-05 17:54:24   过期用户处理: [83]test
2021-03-05 17:54:24   测试
2021-03-05 17:54:24   测试2
2021-03-05 17:54:24   测试3
2021-03-05 17:54:57   add: {"username":"test","password":"90a3ed9e32b2aaf4c61c410eb925426119e1a9dc53d4286ade99a809","quota":107374182400,"enable":true,"level":0,"expiryDate":"2050-01-01","passwordShow":"dGVzdA==","useDays":30}
2021-03-05 17:54:57   add: {"username":"test2","password":"90a3ed9e32b2aaf4c61c410eb925426119e1a9dc53d4286ade99a809","quota":107374182400,"enable":true,"level":0,"expiryDate":"2050-01-01","passwordShow":"dGVzdA==","useDays":30}
2021-03-05 17:54:57   del: {"id":"86","username":"test2","passwordShow":"dGVzdA==","quota":"107374182400","useDays":"30","expiryDate":"2050-01-01"}
2021-03-05 17:54:57   update: {"id":"85","username":"test","passwordShow":"dGVzdA==","quota":"107374182400","useDays":"30","expiryDate":"2050-01-01"} => {"username":"test","password":"90a3ed9e32b2aaf4c61c410eb925426119e1a9dc53d4286ade99a809","quota":107374182400,"enable":true,"level":0,"expiryDate":"2021-03-04","passwordShow":"dGVzdA==","useDays":30,"id":"85"}
2021-03-05 17:54:57   !!!!!!!!!!!!!!!!!!!!! Clear: 流量清零 !!!!!!!!!!!!!!!!!!!!!!
2021-03-05 17:54:57   过期用户处理: [85]test
2021-03-05 17:54:57   测试
2021-03-05 17:54:57   测试2
2021-03-05 17:54:57   测试3
2021-03-05 18:01:42   add: {"username":"test","password":"90a3ed9e32b2aaf4c61c410eb925426119e1a9dc53d4286ade99a809","quota":107374182400,"enable":true,"level":0,"expiryDate":"2050-01-01","passwordShow":"dGVzdA==","useDays":30}
2021-03-05 18:01:42   add: {"username":"test2","password":"90a3ed9e32b2aaf4c61c410eb925426119e1a9dc53d4286ade99a809","quota":107374182400,"enable":true,"level":0,"expiryDate":"2050-01-01","passwordShow":"dGVzdA==","useDays":30}
2021-03-05 18:01:42   del: {"id":"88","username":"test2","passwordShow":"dGVzdA==","quota":"107374182400","useDays":"30","expiryDate":"2050-01-01"}
2021-03-05 18:01:42   update: {"id":"87","username":"test","passwordShow":"dGVzdA==","quota":"107374182400","useDays":"30","expiryDate":"2050-01-01"} => {"username":"test","password":"90a3ed9e32b2aaf4c61c410eb925426119e1a9dc53d4286ade99a809","quota":107374182400,"enable":true,"level":0,"expiryDate":"2021-03-04","passwordShow":"dGVzdA==","useDays":30,"id":"87"}
2021-03-05 18:01:42   !!!!!!!!!!!!!!!!!!!!! Clear: 流量清零 !!!!!!!!!!!!!!!!!!!!!!
2021-03-05 18:01:42   过期用户处理: [87]test
2021-03-05 18:01:42   测试
2021-03-05 18:01:42   测试2
2021-03-05 18:01:42   测试3
2021-03-05 18:10:53   add: {"username":"test","password":"90a3ed9e32b2aaf4c61c410eb925426119e1a9dc53d4286ade99a809","quota":107374182400,"enable":true,"level":0,"expiryDate":"2050-01-01","passwordShow":"dGVzdA==","useDays":30}
2021-03-05 18:10:53   add: {"username":"test2","password":"90a3ed9e32b2aaf4c61c410eb925426119e1a9dc53d4286ade99a809","quota":107374182400,"enable":true,"level":0,"expiryDate":"2050-01-01","passwordShow":"dGVzdA==","useDays":30}
2021-03-05 18:10:53   del: {"id":"90","username":"test2","passwordShow":"dGVzdA==","quota":"107374182400","useDays":"30","expiryDate":"2050-01-01"}
2021-03-05 18:10:53   过期用户处理: [89]test
2021-03-05 18:10:53   update: {"id":"89","username":"test","passwordShow":"dGVzdA==","quota":"107374182400","useDays":"30","expiryDate":"2050-01-01"} => {"username":"test","password":"90a3ed9e32b2aaf4c61c410eb925426119e1a9dc53d4286ade99a809","quota":107374182400,"enable":true,"level":0,"expiryDate":"2021-03-05","passwordShow":"dGVzdA==","useDays":30,"id":"89"}
2021-03-05 18:10:53   !!!!!!!!!!!!!!!!!!!!! Clear: 流量清零 !!!!!!!!!!!!!!!!!!!!!!
2021-03-05 18:10:53   测试
2021-03-05 18:10:53   测试2
2021-03-05 18:10:53   测试3
2021-03-05 18:13:55   add: {"username":"test","password":"90a3ed9e32b2aaf4c61c410eb925426119e1a9dc53d4286ade99a809","quota":107374182400,"enable":true,"level":0,"expiryDate":"2050-01-01","passwordShow":"dGVzdA==","useDays":30}
2021-03-05 18:13:55   add: {"username":"test2","password":"90a3ed9e32b2aaf4c61c410eb925426119e1a9dc53d4286ade99a809","quota":107374182400,"enable":true,"level":0,"expiryDate":"2050-01-01","passwordShow":"dGVzdA==","useDays":30}
2021-03-05 18:13:55   del: {"id":"92","username":"test2","passwordShow":"dGVzdA==","quota":"107374182400","useDays":"30","expiryDate":"2050-01-01"}
2021-03-05 18:13:55   update: {"id":"91","username":"test","passwordShow":"dGVzdA==","quota":"107374182400","useDays":"30","expiryDate":"2050-01-01"} => {"username":"test","password":"90a3ed9e32b2aaf4c61c410eb925426119e1a9dc53d4286ade99a809","quota":107374182400,"enable":true,"level":0,"expiryDate":"2021-03-05","passwordShow":"dGVzdA==","useDays":30,"id":"91"}
2021-03-05 18:13:55   !!!!!!!!!!!!!!!!!!!!! Clear: 流量清零 !!!!!!!!!!!!!!!!!!!!!!
2021-03-05 18:13:55   过期用户处理: [91]test
2021-03-05 18:13:55   测试
2021-03-05 18:13:55   测试2
2021-03-05 18:13:55   测试3
2021-03-05 18:14:06   add: {"username":"test","password":"90a3ed9e32b2aaf4c61c410eb925426119e1a9dc53d4286ade99a809","quota":107374182400,"enable":true,"level":0,"expiryDate":"2050-01-01","passwordShow":"dGVzdA==","useDays":30}
2021-03-05 18:14:06   add: {"username":"test2","password":"90a3ed9e32b2aaf4c61c410eb925426119e1a9dc53d4286ade99a809","quota":107374182400,"enable":true,"level":0,"expiryDate":"2050-01-01","passwordShow":"dGVzdA==","useDays":30}
2021-03-05 18:14:06   del: {"id":"94","username":"test2","passwordShow":"dGVzdA==","quota":"107374182400","useDays":"30","expiryDate":"2050-01-01"}
2021-03-05 18:14:06   过期用户处理: [93]test
2021-03-05 18:14:06   update: {"id":"93","username":"test","passwordShow":"dGVzdA==","quota":"107374182400","useDays":"30","expiryDate":"2050-01-01"} => {"username":"test","password":"90a3ed9e32b2aaf4c61c410eb925426119e1a9dc53d4286ade99a809","quota":107374182400,"enable":true,"level":0,"expiryDate":"2021-03-05","passwordShow":"dGVzdA==","useDays":30,"id":"93"}
2021-03-05 18:14:06   !!!!!!!!!!!!!!!!!!!!! Clear: 流量清零 !!!!!!!!!!!!!!!!!!!!!!
2021-03-05 18:14:06   测试
2021-03-05 18:14:06   测试2
2021-03-05 18:14:06   测试3
2021-03-05 18:14:42   add: {"username":"test","password":"90a3ed9e32b2aaf4c61c410eb925426119e1a9dc53d4286ade99a809","quota":107374182400,"enable":true,"level":0,"expiryDate":"2050-01-01","passwordShow":"dGVzdA==","useDays":30}
2021-03-05 18:14:42   add: {"username":"test2","password":"90a3ed9e32b2aaf4c61c410eb925426119e1a9dc53d4286ade99a809","quota":107374182400,"enable":true,"level":0,"expiryDate":"2050-01-01","passwordShow":"dGVzdA==","useDays":30}
2021-03-05 18:14:42   del: {"id":"96","username":"test2","passwordShow":"dGVzdA==","quota":"107374182400","useDays":"30","expiryDate":"2050-01-01"}
2021-03-05 18:14:42   过期用户处理: [95]test
2021-03-05 18:14:42   update: {"id":"95","username":"test","passwordShow":"dGVzdA==","quota":"107374182400","useDays":"30","expiryDate":"2050-01-01"} => {"username":"test","password":"90a3ed9e32b2aaf4c61c410eb925426119e1a9dc53d4286ade99a809","quota":107374182400,"enable":true,"level":0,"expiryDate":"2021-03-05","passwordShow":"dGVzdA==","useDays":30,"id":"95"}
2021-03-05 18:14:42   !!!!!!!!!!!!!!!!!!!!! Clear: 流量清零 !!!!!!!!!!!!!!!!!!!!!!
2021-03-05 18:14:42   测试
2021-03-05 18:14:42   测试2
2021-03-05 18:14:42   测试3
2021-03-05 18:18:28   add: {"username":"test","password":"90a3ed9e32b2aaf4c61c410eb925426119e1a9dc53d4286ade99a809","quota":107374182400,"enable":true,"level":0,"expiryDate":"2050-01-01","passwordShow":"dGVzdA==","useDays":30}
2021-03-05 18:18:28   add: {"username":"test2","password":"90a3ed9e32b2aaf4c61c410eb925426119e1a9dc53d4286ade99a809","quota":107374182400,"enable":true,"level":0,"expiryDate":"2050-01-01","passwordShow":"dGVzdA==","useDays":30}
2021-03-05 18:18:28   del: {"id":"98","username":"test2","passwordShow":"dGVzdA==","quota":"107374182400","useDays":"30","expiryDate":"2050-01-01"}
2021-03-05 18:18:28   过期用户处理: [97]test
2021-03-05 18:18:28   update: {"id":"97","username":"test","passwordShow":"dGVzdA==","quota":"107374182400","useDays":"30","expiryDate":"2050-01-01"} => {"username":"test","password":"90a3ed9e32b2aaf4c61c410eb925426119e1a9dc53d4286ade99a809","quota":107374182400,"enable":true,"level":0,"expiryDate":"2021-03-05","passwordShow":"dGVzdA==","useDays":30,"id":"97"}
2021-03-05 18:18:28   !!!!!!!!!!!!!!!!!!!!! Clear: 流量清零 !!!!!!!!!!!!!!!!!!!!!!
2021-03-05 18:18:28   测试
2021-03-05 18:18:28   测试2
2021-03-05 18:18:28   测试3
2021-03-05 18:47:58   add: {"username":"test","password":"90a3ed9e32b2aaf4c61c410eb925426119e1a9dc53d4286ade99a809","quota":107374182400,"enable":true,"level":0,"expiryDate":"2050-01-01","passwordShow":"dGVzdA==","useDays":30}
2021-03-05 18:47:58   add: {"username":"test2","password":"90a3ed9e32b2aaf4c61c410eb925426119e1a9dc53d4286ade99a809","quota":107374182400,"enable":true,"level":0,"expiryDate":"2050-01-01","passwordShow":"dGVzdA==","useDays":30}
2021-03-05 18:47:58   del: {"id":"100","username":"test2","passwordShow":"dGVzdA==","quota":"107374182400","useDays":"30","expiryDate":"2050-01-01"}
2021-03-05 18:47:58   过期用户处理: [99]test
2021-03-05 18:47:58   update: {"id":"99","username":"test","passwordShow":"dGVzdA==","quota":"107374182400","useDays":"30","expiryDate":"2050-01-01"} => {"username":"test","password":"90a3ed9e32b2aaf4c61c410eb925426119e1a9dc53d4286ade99a809","quota":107374182400,"enable":true,"level":0,"expiryDate":"2021-03-05","passwordShow":"dGVzdA==","useDays":30,"id":"99"}
2021-03-05 18:47:58   !!!!!!!!!!!!!!!!!!!!! Clear: 流量清零 !!!!!!!!!!!!!!!!!!!!!!
2021-03-05 18:47:58   测试
2021-03-05 18:47:58   测试2
2021-03-05 18:47:58   测试3
2021-03-05 18:49:19   add: {"username":"test","password":"90a3ed9e32b2aaf4c61c410eb925426119e1a9dc53d4286ade99a809","quota":107374182400,"enable":true,"level":0,"expiryDate":"2050-01-01","passwordShow":"dGVzdA==","useDays":30}
2021-03-05 18:49:19   add: {"username":"test2","password":"90a3ed9e32b2aaf4c61c410eb925426119e1a9dc53d4286ade99a809","quota":107374182400,"enable":true,"level":0,"expiryDate":"2050-01-01","passwordShow":"dGVzdA==","useDays":30}
2021-03-05 18:49:19   del: {"id":"102","username":"test2","passwordShow":"dGVzdA==","quota":"107374182400","useDays":"30","expiryDate":"2050-01-01"}
2021-03-05 18:49:19   过期用户处理: [101]test
2021-03-05 18:49:19   update: {"id":"101","username":"test","passwordShow":"dGVzdA==","quota":"107374182400","useDays":"30","expiryDate":"2050-01-01"} => {"username":"test","password":"90a3ed9e32b2aaf4c61c410eb925426119e1a9dc53d4286ade99a809","quota":107374182400,"enable":true,"level":0,"expiryDate":"2021-03-05","passwordShow":"dGVzdA==","useDays":30,"id":"101"}
2021-03-05 18:49:19   !!!!!!!!!!!!!!!!!!!!! Clear: 流量清零 !!!!!!!!!!!!!!!!!!!!!!
2021-03-05 18:49:19   测试
2021-03-05 18:49:19   测试2
2021-03-05 18:49:19   测试3
2021-03-05 19:26:44   测试
2021-03-05 19:26:44   测试2
2021-03-05 19:26:44   测试3
2021-03-05 19:27:22   测试
2021-03-05 19:27:22   测试2
2021-03-05 19:27:22   测试3
2021-03-05 19:28:29   update: {"id":"101","username":"test","passwordShow":"dGVzdA==","quota":"0","useDays":"30","expiryDate":"2021-03-05"} => {"username":"test","password":"90a3ed9e32b2aaf4c61c410eb925426119e1a9dc53d4286ade99a809","quota":107374182400,"enable":true,"level":0,"expiryDate":"2050-01-01","passwordShow":"dGVzdA==","useDays":30,"id":"101"}
2021-03-05 19:28:29   add: {"username":"test2","password":"90a3ed9e32b2aaf4c61c410eb925426119e1a9dc53d4286ade99a809","quota":107374182400,"enable":true,"level":0,"expiryDate":"2050-01-01","passwordShow":"dGVzdA==","useDays":30}
2021-03-05 19:28:29   del: {"id":"103","username":"test2","passwordShow":"dGVzdA==","quota":"107374182400","useDays":"30","expiryDate":"2050-01-01"}
2021-03-05 19:28:29   过期用户处理: [101]test
2021-03-05 19:28:29   update: {"id":"101","username":"test","passwordShow":"dGVzdA==","quota":"107374182400","useDays":"30","expiryDate":"2050-01-01"} => {"username":"test","password":"90a3ed9e32b2aaf4c61c410eb925426119e1a9dc53d4286ade99a809","quota":107374182400,"enable":true,"level":0,"expiryDate":"2021-03-05","passwordShow":"dGVzdA==","useDays":30,"id":"101"}
2021-03-05 19:28:29   !!!!!!!!!!!!!!!!!!!!! Clear: 流量清零 !!!!!!!!!!!!!!!!!!!!!!
2021-03-05 19:28:29   测试
2021-03-05 19:28:29   测试2
2021-03-05 19:28:29   测试3
2021-03-05 19:29:17   add: {"username":"test","password":"90a3ed9e32b2aaf4c61c410eb925426119e1a9dc53d4286ade99a809","quota":107374182400,"enable":true,"level":0,"expiryDate":"2050-01-01","passwordShow":"dGVzdA==","useDays":30}
2021-03-05 19:29:17   add: {"username":"test2","password":"90a3ed9e32b2aaf4c61c410eb925426119e1a9dc53d4286ade99a809","quota":107374182400,"enable":true,"level":0,"expiryDate":"2050-01-01","passwordShow":"dGVzdA==","useDays":30}
2021-03-05 19:29:17   del: {"id":"105","username":"test2","passwordShow":"dGVzdA==","quota":"107374182400","useDays":"30","expiryDate":"2050-01-01"}
2021-03-05 19:29:17   过期用户处理: [104]test
2021-03-05 19:29:17   update: {"id":"104","username":"test","passwordShow":"dGVzdA==","quota":"107374182400","useDays":"30","expiryDate":"2050-01-01"} => {"username":"test","password":"90a3ed9e32b2aaf4c61c410eb925426119e1a9dc53d4286ade99a809","quota":107374182400,"enable":true,"level":0,"expiryDate":"2021-03-05","passwordShow":"dGVzdA==","useDays":30,"id":"104"}
2021-03-05 19:29:17   !!!!!!!!!!!!!!!!!!!!! Clear: 流量清零 !!!!!!!!!!!!!!!!!!!!!!
2021-03-05 19:29:17   测试
2021-03-05 19:29:17   测试2
2021-03-05 19:29:17   测试3
2021-03-05 19:32:08   测试
2021-03-05 19:32:08   测试2
2021-03-05 19:32:08   测试3
2021-03-05 19:32:14   测试
2021-03-05 19:32:14   测试2
2021-03-05 19:32:14   测试3
2021-03-05 19:32:20   update: {"id":"104","username":"test","passwordShow":"dGVzdA==","quota":"0","useDays":"30","expiryDate":"2021-03-05"} => {"username":"test","password":"90a3ed9e32b2aaf4c61c410eb925426119e1a9dc53d4286ade99a809","quota":107374182400,"enable":true,"level":0,"expiryDate":"2050-01-01","passwordShow":"dGVzdA==","useDays":30,"id":"104"}
2021-03-05 19:32:20   add: {"username":"test2","password":"90a3ed9e32b2aaf4c61c410eb925426119e1a9dc53d4286ade99a809","quota":107374182400,"enable":true,"level":0,"expiryDate":"2050-01-01","passwordShow":"dGVzdA==","useDays":30}
2021-03-05 19:32:20   del: {"id":"106","username":"test2","passwordShow":"dGVzdA==","quota":"107374182400","useDays":"30","expiryDate":"2050-01-01"}
2021-03-05 19:32:20   过期用户处理: [104]test
2021-03-05 19:32:20   update: {"id":"104","username":"test","passwordShow":"dGVzdA==","quota":"107374182400","useDays":"30","expiryDate":"2050-01-01"} => {"username":"test","password":"90a3ed9e32b2aaf4c61c410eb925426119e1a9dc53d4286ade99a809","quota":107374182400,"enable":true,"level":0,"expiryDate":"2021-03-05","passwordShow":"dGVzdA==","useDays":30,"id":"104"}
2021-03-05 19:32:20   !!!!!!!!!!!!!!!!!!!!! Clear: 流量清零 !!!!!!!!!!!!!!!!!!!!!!
2021-03-05 19:32:20   测试
2021-03-05 19:32:20   测试2
2021-03-05 19:32:20   测试3